<?xml version="1.0" encoding="UTF-8"?>
<robot generator="Robot 7.3.2 (Python 3.13.7 on win32)" generated="2025-10-10T15:37:07.720943" rpa="false" schemaversion="5">
<suite id="s1" name="Tests" source="D:\Projects\IdeaProjects\ChallegeFinal\cinema-challenge-qa-robotframework\tests">
<suite id="s1-s1" name="Api" source="D:\Projects\IdeaProjects\ChallegeFinal\cinema-challenge-qa-robotframework\tests\api">
<suite id="s1-s1-s1" name="Auth" source="D:\Projects\IdeaProjects\ChallegeFinal\cinema-challenge-qa-robotframework\tests\api\auth">
<suite id="s1-s1-s1-s1" name="Login" source="D:\Projects\IdeaProjects\ChallegeFinal\cinema-challenge-qa-robotframework\tests\api\auth\login.robot">
<kw name="API Session" owner="base" type="SETUP">
<kw name="Create Session" owner="RequestsLibrary">
<msg time="2025-10-10T15:37:09.018740" level="INFO">Creating Session using : alias=api, url=http://localhost:3000/api/v1, headers={},                     cookies={}, auth=None, timeout=5, proxies=None, verify=False,                     debug=0 </msg>
<arg>api</arg>
<arg>${API_BASE_URL}</arg>
<arg>timeout=${API_TIMEOUT}</arg>
<doc>Create Session: create a HTTP session to a server</doc>
<status status="PASS" start="2025-10-10T15:37:09.018123" elapsed="0.001015"/>
</kw>
<doc>Configura sessão para testes de API</doc>
<status status="PASS" start="2025-10-10T15:37:09.016588" elapsed="0.002769"/>
</kw>
<test id="s1-s1-s1-s1-t1" name="Test Login Success" line="9">
<kw name="Get Fixtures" owner="base">
<kw name="Load Json From File" owner="JSONLibrary">
<msg time="2025-10-10T15:37:09.022420" level="INFO">${data} = {'valid_user': {'name': 'Test User', 'email': 'test@cinema.com', 'password': 'Test123'}, 'invalid_user': {'email': 'invalidcinemacom', 'password': 'invalid123'}, 'admin_user': {'name': 'Admin User', '...</msg>
<var>${data}</var>
<arg>${TEST_DATA_DIR}${file_name}.json</arg>
<arg>encoding=utf-8</arg>
<doc>Load JSON from file.</doc>
<status status="PASS" start="2025-10-10T15:37:09.021102" elapsed="0.001379"/>
</kw>
<return>
<value>${data}[${scenario}]</value>
<status status="PASS" start="2025-10-10T15:37:09.022597" elapsed="0.000271"/>
</return>
<msg time="2025-10-10T15:37:09.023158" level="INFO">${user} = {'name': 'Test User', 'email': 'test@cinema.com', 'password': 'Test123'}</msg>
<var>${user}</var>
<arg>users</arg>
<arg>valid_user</arg>
<status status="PASS" start="2025-10-10T15:37:09.020456" elapsed="0.002748"/>
</kw>
<kw name="Reset user from database" owner="auth">
<kw name="Clean user from database" owner="database">
<arg>${user}[email]</arg>
<status status="PASS" start="2025-10-10T15:37:09.025133" elapsed="0.014304"/>
</kw>
<kw name="Insert user into database" owner="database">
<msg time="2025-10-10T15:37:09.095891" level="INFO">{'name': 'Test User', 'email': 'test@cinema.com', 'password': 'Test123'}</msg>
<msg time="2025-10-10T15:37:09.096100" level="INFO">${user_id} = None</msg>
<var>${user_id}</var>
<arg>${user}</arg>
<status status="PASS" start="2025-10-10T15:37:09.039786" elapsed="0.056364"/>
</kw>
<return>
<value>${user_id}</value>
<status status="PASS" start="2025-10-10T15:37:09.096280" elapsed="0.000312"/>
</return>
<arg>${user}</arg>
<status status="PASS" start="2025-10-10T15:37:09.024431" elapsed="0.072402"/>
</kw>
<kw name="POST a user login" owner="auth">
<kw name="Get Fixtures" owner="base">
<kw name="Load Json From File" owner="JSONLibrary">
<msg time="2025-10-10T15:37:09.099793" level="INFO">${data} = {'valid_user': {'name': 'Test User', 'email': 'test@cinema.com', 'password': 'Test123'}, 'invalid_user': {'email': 'invalidcinemacom', 'password': 'invalid123'}, 'admin_user': {'name': 'Admin User', '...</msg>
<var>${data}</var>
<arg>${TEST_DATA_DIR}${file_name}.json</arg>
<arg>encoding=utf-8</arg>
<doc>Load JSON from file.</doc>
<status status="PASS" start="2025-10-10T15:37:09.098595" elapsed="0.001268"/>
</kw>
<return>
<value>${data}[${scenario}]</value>
<status status="PASS" start="2025-10-10T15:37:09.099983" elapsed="0.000217"/>
</return>
<msg time="2025-10-10T15:37:09.100447" level="INFO">${user} = {'name': 'Test User', 'email': 'test@cinema.com', 'password': 'Test123'}</msg>
<var>${user}</var>
<arg>users</arg>
<arg>valid_user</arg>
<status status="PASS" start="2025-10-10T15:37:09.098025" elapsed="0.002469"/>
</kw>
<kw name="Create Dictionary" owner="BuiltIn">
<msg time="2025-10-10T15:37:09.101549" level="INFO">${payload} = {'email': 'test@cinema.com', 'password': 'Test123'}</msg>
<var>${payload}</var>
<arg>email=${user}[email]</arg>
<arg>password=${user}[password]</arg>
<doc>Creates and returns a dictionary based on the given ``items``.</doc>
<status status="PASS" start="2025-10-10T15:37:09.100724" elapsed="0.000876"/>
</kw>
<kw name="POST" owner="RequestsLibrary">
<msg time="2025-10-10T15:37:09.145450" level="INFO">POST Request : url=http://localhost:3000/api/v1/auth/login 
 path_url=/api/v1/auth/login 
 headers={'User-Agent': 'python-requests/2.32.5', 'Accept-Encoding': 'gzip, deflate', 'Accept': '*/*', 'Connection': 'keep-alive', 'Content-Length': '51', 'Content-Type': 'application/json'} 
 body=b'{"email": "test@cinema.com", "password": "Test123"}' 
 </msg>
<msg time="2025-10-10T15:37:09.145646" level="INFO">POST Response : url=http://localhost:3000/api/v1/auth/login 
 status=200, reason=OK 
 headers={'X-Powered-By': 'Express', 'Access-Control-Allow-Origin': '*', 'Content-Type': 'application/json; charset=utf-8', 'Content-Length': '299', 'ETag': 'W/"12b-W6K1E0s98ZJMa7FRV6XJf3d1d44"', 'Date': 'Fri, 10 Oct 2025 18:37:09 GMT', 'Connection': 'keep-alive', 'Keep-Alive': 'timeout=5'} 
 body={"success":true,"data":{"_id":"68e952557804e92ea239d827","name":"Test User","email":"test@cinema.com","role":"user","token":"eyJhbGciOiJIUzI1NiIsInR5cCI6IkpXVCJ9.eyJpZCI6IjY4ZTk1MjU1NzgwNGU5MmVhMjM5ZDgyNyIsImlhdCI6MTc2MDEyMTQyOSwiZXhwIjoxNzYwMjA3ODI5fQ.IKvfoQ649yiiaKMZFwHpfj7KKhY-PZGG20VW11LhW6s"}} 
 </msg>
<msg time="2025-10-10T15:37:09.145853" level="INFO">${resp} = &lt;Response [200]&gt;</msg>
<var>${resp}</var>
<arg>url=${API_BASE_URL}/auth/login</arg>
<arg>json=${payload}</arg>
<arg>expected_status=200</arg>
<doc>Sends a POST request.</doc>
<status status="PASS" start="2025-10-10T15:37:09.101799" elapsed="0.044101"/>
</kw>
<kw name="Set Variable" owner="BuiltIn">
<msg time="2025-10-10T15:37:09.147380" level="INFO">${token} = Bearer eyJhbGciOiJIUzI1NiIsInR5cCI6IkpXVCJ9.eyJpZCI6IjY4ZTk1MjU1NzgwNGU5MmVhMjM5ZDgyNyIsImlhdCI6MTc2MDEyMTQyOSwiZXhwIjoxNzYwMjA3ODI5fQ.IKvfoQ649yiiaKMZFwHpfj7KKhY-PZGG20VW11LhW6s</msg>
<var>${token}</var>
<arg>Bearer ${resp.json()}[data][token]</arg>
<doc>Returns the given values which can then be assigned to a variables.</doc>
<status status="PASS" start="2025-10-10T15:37:09.146235" elapsed="0.001197"/>
</kw>
<kw name="Set Test Variable" owner="BuiltIn">
<msg time="2025-10-10T15:37:09.148130" level="INFO">${token} = Bearer eyJhbGciOiJIUzI1NiIsInR5cCI6IkpXVCJ9.eyJpZCI6IjY4ZTk1MjU1NzgwNGU5MmVhMjM5ZDgyNyIsImlhdCI6MTc2MDEyMTQyOSwiZXhwIjoxNzYwMjA3ODI5fQ.IKvfoQ649yiiaKMZFwHpfj7KKhY-PZGG20VW11LhW6s</msg>
<arg>${token}</arg>
<doc>Makes a variable available everywhere within the scope of the current test.</doc>
<status status="PASS" start="2025-10-10T15:37:09.147678" elapsed="0.000557"/>
</kw>
<status status="PASS" start="2025-10-10T15:37:09.097387" elapsed="0.050969"/>
</kw>
<kw name="Should Not Be Empty" owner="BuiltIn">
<msg time="2025-10-10T15:37:09.149235" level="INFO">Length is 178.</msg>
<arg>${token}</arg>
<doc>Verifies that the given item is not empty.</doc>
<status status="PASS" start="2025-10-10T15:37:09.148810" elapsed="0.000539"/>
</kw>
<msg time="2025-10-10T15:37:09.223779" level="INFO">Starting Browser process D:\Projects\IdeaProjects\U-Segment\.venv\Lib\site-packages\Browser\wrapper\index.js using at 127.0.0.1:56670</msg>
<doc>Testa login com credenciais pré-cadastradas</doc>
<tag>login_success</tag>
<status status="PASS" start="2025-10-10T15:37:09.019495" elapsed="0.130215"/>
</test>
<test id="s1-s1-s1-s1-t2" name="Test Login Failure" line="17">
<kw name="POST a user login with invalid credentials" owner="auth">
<kw name="POST auth request" owner="auth">
<kw name="Get Fixtures" owner="base">
<kw name="Load Json From File" owner="JSONLibrary">
<msg time="2025-10-10T15:37:10.832969" level="INFO">${data} = {'valid_user': {'name': 'Test User', 'email': 'test@cinema.com', 'password': 'Test123'}, 'invalid_user': {'email': 'invalidcinemacom', 'password': 'invalid123'}, 'admin_user': {'name': 'Admin User', '...</msg>
<var>${data}</var>
<arg>${TEST_DATA_DIR}${file_name}.json</arg>
<arg>encoding=utf-8</arg>
<doc>Load JSON from file.</doc>
<status status="PASS" start="2025-10-10T15:37:10.831812" elapsed="0.001216"/>
</kw>
<return>
<value>${data}[${scenario}]</value>
<status status="PASS" start="2025-10-10T15:37:10.833141" elapsed="0.000232"/>
</return>
<msg time="2025-10-10T15:37:10.833629" level="INFO">${user} = {'email': 'invalidcinemacom', 'password': 'invalid123'}</msg>
<var>${user}</var>
<arg>users</arg>
<arg>${user_type}</arg>
<status status="PASS" start="2025-10-10T15:37:10.831112" elapsed="0.002561"/>
</kw>
<kw name="Create Dictionary" owner="BuiltIn">
<msg time="2025-10-10T15:37:10.834453" level="INFO">${payload} = {'email': 'invalidcinemacom', 'password': 'invalid123'}</msg>
<var>${payload}</var>
<arg>email=${user}[email]</arg>
<arg>password=${user}[password]</arg>
<doc>Creates and returns a dictionary based on the given ``items``.</doc>
<status status="PASS" start="2025-10-10T15:37:10.833884" elapsed="0.000619"/>
</kw>
<if>
<branch type="IF" condition="$extra_fields is not None">
<kw name="Set To Dictionary" owner="Collections">
<arg>${payload}</arg>
<arg>&amp;{extra_fields}</arg>
<doc>Adds the given ``key_value_pairs`` and/or ``items`` to the ``dictionary``.</doc>
<status status="NOT RUN" start="2025-10-10T15:37:10.835242" elapsed="0.000204"/>
</kw>
<status status="NOT RUN" start="2025-10-10T15:37:10.834668" elapsed="0.000869"/>
</branch>
<status status="PASS" start="2025-10-10T15:37:10.834625" elapsed="0.000983"/>
</if>
<if>
<branch type="IF" condition="$empty_field is not None">
<kw name="Set To Dictionary" owner="Collections">
<arg>${payload}</arg>
<arg>${empty_field}=</arg>
<doc>Adds the given ``key_value_pairs`` and/or ``items`` to the ``dictionary``.</doc>
<status status="NOT RUN" start="2025-10-10T15:37:10.836185" elapsed="0.000214"/>
</kw>
<status status="NOT RUN" start="2025-10-10T15:37:10.835706" elapsed="0.000781"/>
</branch>
<status status="PASS" start="2025-10-10T15:37:10.835678" elapsed="0.000872"/>
</if>
<kw name="POST" owner="RequestsLibrary">
<msg time="2025-10-10T15:37:10.844044" level="INFO">POST Request : url=http://localhost:3000/api/v1/auth/login 
 path_url=/api/v1/auth/login 
 headers={'User-Agent': 'python-requests/2.32.5', 'Accept-Encoding': 'gzip, deflate', 'Accept': '*/*', 'Connection': 'keep-alive', 'Content-Length': '55', 'Content-Type': 'application/json'} 
 body=b'{"email": "invalidcinemacom", "password": "invalid123"}' 
 </msg>
<msg time="2025-10-10T15:37:10.844169" level="INFO">POST Response : url=http://localhost:3000/api/v1/auth/login 
 status=401, reason=Unauthorized 
 headers={'X-Powered-By': 'Express', 'Access-Control-Allow-Origin': '*', 'Content-Type': 'application/json; charset=utf-8', 'Content-Length': '55', 'ETag': 'W/"37-5uDpJTljPBecOPs/j7OXFdPRcmQ"', 'Date': 'Fri, 10 Oct 2025 18:37:10 GMT', 'Connection': 'keep-alive', 'Keep-Alive': 'timeout=5'} 
 body={"success":false,"message":"Invalid email or password"} 
 </msg>
<msg time="2025-10-10T15:37:10.844620" level="FAIL">Url: http://localhost:3000/api/v1/auth/login Expected status: 401 != 400</msg>
<var>${resp}</var>
<arg>url=${API_BASE_URL}${endpoint}</arg>
<arg>json=${payload}</arg>
<arg>expected_status=${expected_status}</arg>
<doc>Sends a POST request.</doc>
<status status="FAIL" start="2025-10-10T15:37:10.836703" elapsed="0.011895">Url: http://localhost:3000/api/v1/auth/login Expected status: 401 != 400</status>
</kw>
<return>
<value>${resp}</value>
<status status="NOT RUN" start="2025-10-10T15:37:10.848779" elapsed="0.000248"/>
</return>
<var>${resp}</var>
<arg>/auth/login</arg>
<arg>invalid_user</arg>
<arg>400</arg>
<status status="FAIL" start="2025-10-10T15:37:10.830137" elapsed="0.019103">Url: http://localhost:3000/api/v1/auth/login Expected status: 401 != 400</status>
</kw>
<return>
<value>${resp}</value>
<status status="NOT RUN" start="2025-10-10T15:37:10.849354" elapsed="0.000199"/>
</return>
<var>${resp}</var>
<status status="FAIL" start="2025-10-10T15:37:10.828956" elapsed="0.020756">Url: http://localhost:3000/api/v1/auth/login Expected status: 401 != 400</status>
</kw>
<kw name="Should Be Equal As Strings" owner="BuiltIn">
<arg>${resp.json()}[success]</arg>
<arg>False</arg>
<doc>Fails if objects are unequal after converting them to strings.</doc>
<status status="NOT RUN" start="2025-10-10T15:37:10.850266" elapsed="0.000245"/>
</kw>
<doc>Testa login com credenciais inválidas</doc>
<tag>login_failure</tag>
<status status="FAIL" start="2025-10-10T15:37:10.824306" elapsed="0.026698">Url: http://localhost:3000/api/v1/auth/login Expected status: 401 != 400</status>
</test>
<test id="s1-s1-s1-s1-t3" name="Test Login Empty Email" line="23">
<kw name="POST a user login with empty email" owner="auth">
<kw name="POST auth request" owner="auth">
<kw name="Get Fixtures" owner="base">
<kw name="Load Json From File" owner="JSONLibrary">
<msg time="2025-10-10T15:37:10.869049" level="INFO">${data} = {'valid_user': {'name': 'Test User', 'email': 'test@cinema.com', 'password': 'Test123'}, 'invalid_user': {'email': 'invalidcinemacom', 'password': 'invalid123'}, 'admin_user': {'name': 'Admin User', '...</msg>
<var>${data}</var>
<arg>${TEST_DATA_DIR}${file_name}.json</arg>
<arg>encoding=utf-8</arg>
<doc>Load JSON from file.</doc>
<status status="PASS" start="2025-10-10T15:37:10.867955" elapsed="0.001152"/>
</kw>
<return>
<value>${data}[${scenario}]</value>
<status status="PASS" start="2025-10-10T15:37:10.869221" elapsed="0.000222"/>
</return>
<msg time="2025-10-10T15:37:10.869725" level="INFO">${user} = {'name': 'Test User', 'email': 'test@cinema.com', 'password': 'Test123'}</msg>
<var>${user}</var>
<arg>users</arg>
<arg>${user_type}</arg>
<status status="PASS" start="2025-10-10T15:37:10.867335" elapsed="0.002435"/>
</kw>
<kw name="Create Dictionary" owner="BuiltIn">
<msg time="2025-10-10T15:37:10.870544" level="INFO">${payload} = {'email': 'test@cinema.com', 'password': 'Test123'}</msg>
<var>${payload}</var>
<arg>email=${user}[email]</arg>
<arg>password=${user}[password]</arg>
<doc>Creates and returns a dictionary based on the given ``items``.</doc>
<status status="PASS" start="2025-10-10T15:37:10.869981" elapsed="0.000611"/>
</kw>
<if>
<branch type="IF" condition="$extra_fields is not None">
<kw name="Set To Dictionary" owner="Collections">
<arg>${payload}</arg>
<arg>&amp;{extra_fields}</arg>
<doc>Adds the given ``key_value_pairs`` and/or ``items`` to the ``dictionary``.</doc>
<status status="NOT RUN" start="2025-10-10T15:37:10.871261" elapsed="0.000200"/>
</kw>
<status status="NOT RUN" start="2025-10-10T15:37:10.870741" elapsed="0.000813"/>
</branch>
<status status="PASS" start="2025-10-10T15:37:10.870707" elapsed="0.000911"/>
</if>
<if>
<branch type="IF" condition="$empty_field is not None">
<kw name="Set To Dictionary" owner="Collections">
<arg>${payload}</arg>
<arg>${empty_field}=</arg>
<doc>Adds the given ``key_value_pairs`` and/or ``items`` to the ``dictionary``.</doc>
<status status="PASS" start="2025-10-10T15:37:10.872157" elapsed="0.000457"/>
</kw>
<status status="PASS" start="2025-10-10T15:37:10.871705" elapsed="0.000996"/>
</branch>
<status status="PASS" start="2025-10-10T15:37:10.871681" elapsed="0.001083"/>
</if>
<kw name="POST" owner="RequestsLibrary">
<msg time="2025-10-10T15:37:10.879768" level="INFO">POST Request : url=http://localhost:3000/api/v1/auth/login 
 path_url=/api/v1/auth/login 
 headers={'User-Agent': 'python-requests/2.32.5', 'Accept-Encoding': 'gzip, deflate', 'Accept': '*/*', 'Connection': 'keep-alive', 'Content-Length': '36', 'Content-Type': 'application/json'} 
 body=b'{"email": "", "password": "Test123"}' 
 </msg>
<msg time="2025-10-10T15:37:10.880156" level="INFO">POST Response : url=http://localhost:3000/api/v1/auth/login 
 status=401, reason=Unauthorized 
 headers={'X-Powered-By': 'Express', 'Access-Control-Allow-Origin': '*', 'Content-Type': 'application/json; charset=utf-8', 'Content-Length': '55', 'ETag': 'W/"37-5uDpJTljPBecOPs/j7OXFdPRcmQ"', 'Date': 'Fri, 10 Oct 2025 18:37:10 GMT', 'Connection': 'keep-alive', 'Keep-Alive': 'timeout=5'} 
 body={"success":false,"message":"Invalid email or password"} 
 </msg>
<msg time="2025-10-10T15:37:10.880540" level="FAIL">Url: http://localhost:3000/api/v1/auth/login Expected status: 401 != 400</msg>
<var>${resp}</var>
<arg>url=${API_BASE_URL}${endpoint}</arg>
<arg>json=${payload}</arg>
<arg>expected_status=${expected_status}</arg>
<doc>Sends a POST request.</doc>
<status status="FAIL" start="2025-10-10T15:37:10.872912" elapsed="0.009287">Url: http://localhost:3000/api/v1/auth/login Expected status: 401 != 400</status>
</kw>
<return>
<value>${resp}</value>
<status status="NOT RUN" start="2025-10-10T15:37:10.882359" elapsed="0.000231"/>
</return>
<var>${resp}</var>
<arg>/auth/login</arg>
<arg>valid_user</arg>
<arg>400</arg>
<arg>email</arg>
<status status="FAIL" start="2025-10-10T15:37:10.866568" elapsed="0.016208">Url: http://localhost:3000/api/v1/auth/login Expected status: 401 != 400</status>
</kw>
<return>
<value>${resp}</value>
<status status="NOT RUN" start="2025-10-10T15:37:10.882917" elapsed="0.000192"/>
</return>
<var>${resp}</var>
<status status="FAIL" start="2025-10-10T15:37:10.865761" elapsed="0.017501">Url: http://localhost:3000/api/v1/auth/login Expected status: 401 != 400</status>
</kw>
<kw name="Should Be Equal As Strings" owner="BuiltIn">
<arg>${resp.json()}[success]</arg>
<arg>False</arg>
<doc>Fails if objects are unequal after converting them to strings.</doc>
<status status="NOT RUN" start="2025-10-10T15:37:10.883765" elapsed="0.000233"/>
</kw>
<doc>Testa login com email vazio</doc>
<tag>login_validation</tag>
<status status="FAIL" start="2025-10-10T15:37:10.860719" elapsed="0.023721">Url: http://localhost:3000/api/v1/auth/login Expected status: 401 != 400</status>
</test>
<test id="s1-s1-s1-s1-t4" name="Test Login Empty Password" line="30">
<kw name="POST a user login with empty password" owner="auth">
<kw name="POST auth request" owner="auth">
<kw name="Get Fixtures" owner="base">
<kw name="Load Json From File" owner="JSONLibrary">
<msg time="2025-10-10T15:37:10.903199" level="INFO">${data} = {'valid_user': {'name': 'Test User', 'email': 'test@cinema.com', 'password': 'Test123'}, 'invalid_user': {'email': 'invalidcinemacom', 'password': 'invalid123'}, 'admin_user': {'name': 'Admin User', '...</msg>
<var>${data}</var>
<arg>${TEST_DATA_DIR}${file_name}.json</arg>
<arg>encoding=utf-8</arg>
<doc>Load JSON from file.</doc>
<status status="PASS" start="2025-10-10T15:37:10.902065" elapsed="0.001193"/>
</kw>
<return>
<value>${data}[${scenario}]</value>
<status status="PASS" start="2025-10-10T15:37:10.903377" elapsed="0.000221"/>
</return>
<msg time="2025-10-10T15:37:10.903855" level="INFO">${user} = {'name': 'Test User', 'email': 'test@cinema.com', 'password': 'Test123'}</msg>
<var>${user}</var>
<arg>users</arg>
<arg>${user_type}</arg>
<status status="PASS" start="2025-10-10T15:37:10.901455" elapsed="0.002444"/>
</kw>
<kw name="Create Dictionary" owner="BuiltIn">
<msg time="2025-10-10T15:37:10.904705" level="INFO">${payload} = {'email': 'test@cinema.com', 'password': 'Test123'}</msg>
<var>${payload}</var>
<arg>email=${user}[email]</arg>
<arg>password=${user}[password]</arg>
<doc>Creates and returns a dictionary based on the given ``items``.</doc>
<status status="PASS" start="2025-10-10T15:37:10.904117" elapsed="0.000640"/>
</kw>
<if>
<branch type="IF" condition="$extra_fields is not None">
<kw name="Set To Dictionary" owner="Collections">
<arg>${payload}</arg>
<arg>&amp;{extra_fields}</arg>
<doc>Adds the given ``key_value_pairs`` and/or ``items`` to the ``dictionary``.</doc>
<status status="NOT RUN" start="2025-10-10T15:37:10.905458" elapsed="0.000200"/>
</kw>
<status status="NOT RUN" start="2025-10-10T15:37:10.904927" elapsed="0.000819"/>
</branch>
<status status="PASS" start="2025-10-10T15:37:10.904874" elapsed="0.000935"/>
</if>
<if>
<branch type="IF" condition="$empty_field is not None">
<kw name="Set To Dictionary" owner="Collections">
<arg>${payload}</arg>
<arg>${empty_field}=</arg>
<doc>Adds the given ``key_value_pairs`` and/or ``items`` to the ``dictionary``.</doc>
<status status="PASS" start="2025-10-10T15:37:10.906331" elapsed="0.000437"/>
</kw>
<status status="PASS" start="2025-10-10T15:37:10.905895" elapsed="0.000957"/>
</branch>
<status status="PASS" start="2025-10-10T15:37:10.905871" elapsed="0.001045"/>
</if>
<kw name="POST" owner="RequestsLibrary">
<msg time="2025-10-10T15:37:10.943600" level="INFO">POST Request : url=http://localhost:3000/api/v1/auth/login 
 path_url=/api/v1/auth/login 
 headers={'User-Agent': 'python-requests/2.32.5', 'Accept-Encoding': 'gzip, deflate', 'Accept': '*/*', 'Connection': 'keep-alive', 'Content-Length': '44', 'Content-Type': 'application/json'} 
 body=b'{"email": "test@cinema.com", "password": ""}' 
 </msg>
<msg time="2025-10-10T15:37:10.943729" level="INFO">POST Response : url=http://localhost:3000/api/v1/auth/login 
 status=401, reason=Unauthorized 
 headers={'X-Powered-By': 'Express', 'Access-Control-Allow-Origin': '*', 'Content-Type': 'application/json; charset=utf-8', 'Content-Length': '55', 'ETag': 'W/"37-5uDpJTljPBecOPs/j7OXFdPRcmQ"', 'Date': 'Fri, 10 Oct 2025 18:37:10 GMT', 'Connection': 'keep-alive', 'Keep-Alive': 'timeout=5'} 
 body={"success":false,"message":"Invalid email or password"} 
 </msg>
<msg time="2025-10-10T15:37:10.943899" level="FAIL">Url: http://localhost:3000/api/v1/auth/login Expected status: 401 != 400</msg>
<var>${resp}</var>
<arg>url=${API_BASE_URL}${endpoint}</arg>
<arg>json=${payload}</arg>
<arg>expected_status=${expected_status}</arg>
<doc>Sends a POST request.</doc>
<status status="FAIL" start="2025-10-10T15:37:10.907089" elapsed="0.038563">Url: http://localhost:3000/api/v1/auth/login Expected status: 401 != 400</status>
</kw>
<return>
<value>${resp}</value>
<status status="NOT RUN" start="2025-10-10T15:37:10.945815" elapsed="0.000234"/>
</return>
<var>${resp}</var>
<arg>/auth/login</arg>
<arg>valid_user</arg>
<arg>400</arg>
<arg>password</arg>
<status status="FAIL" start="2025-10-10T15:37:10.900662" elapsed="0.045571">Url: http://localhost:3000/api/v1/auth/login Expected status: 401 != 400</status>
</kw>
<return>
<value>${resp}</value>
<status status="NOT RUN" start="2025-10-10T15:37:10.946343" elapsed="0.000189"/>
</return>
<var>${resp}</var>
<status status="FAIL" start="2025-10-10T15:37:10.899820" elapsed="0.046889">Url: http://localhost:3000/api/v1/auth/login Expected status: 401 != 400</status>
</kw>
<kw name="Should Be Equal As Strings" owner="BuiltIn">
<arg>${resp.json()}[success]</arg>
<arg>False</arg>
<doc>Fails if objects are unequal after converting them to strings.</doc>
<status status="NOT RUN" start="2025-10-10T15:37:10.947265" elapsed="0.000272"/>
</kw>
<doc>Testa login com senha vazia</doc>
<tag>login_validation</tag>
<status status="FAIL" start="2025-10-10T15:37:10.895409" elapsed="0.052555">Url: http://localhost:3000/api/v1/auth/login Expected status: 401 != 400</status>
</test>
<doc>Teste de login na API</doc>
<status status="FAIL" start="2025-10-10T15:37:07.787104" elapsed="3.169088"/>
</suite>
<suite id="s1-s1-s1-s2" name="Logout" source="D:\Projects\IdeaProjects\ChallegeFinal\cinema-challenge-qa-robotframework\tests\api\auth\logout.robot">
<kw name="API Session" owner="base" type="SETUP">
<kw name="Create Session" owner="RequestsLibrary">
<msg time="2025-10-10T15:37:11.001333" level="INFO">Creating Session using : alias=api, url=http://localhost:3000/api/v1, headers={},                     cookies={}, auth=None, timeout=5, proxies=None, verify=False,                     debug=0 </msg>
<arg>api</arg>
<arg>${API_BASE_URL}</arg>
<arg>timeout=${API_TIMEOUT}</arg>
<doc>Create Session: create a HTTP session to a server</doc>
<status status="PASS" start="2025-10-10T15:37:11.000739" elapsed="0.000898"/>
</kw>
<doc>Configura sessão para testes de API</doc>
<status status="PASS" start="2025-10-10T15:37:11.000156" elapsed="0.001725"/>
</kw>
<test id="s1-s1-s1-s2-t1" name="Test Client Side Logout Simulation" line="9">
<kw name="Get Fixtures" owner="base">
<kw name="Load Json From File" owner="JSONLibrary">
<msg time="2025-10-10T15:37:11.007371" level="INFO">${data} = {'valid_user': {'name': 'Test User', 'email': 'test@cinema.com', 'password': 'Test123'}, 'invalid_user': {'email': 'invalidcinemacom', 'password': 'invalid123'}, 'admin_user': {'name': 'Admin User', '...</msg>
<var>${data}</var>
<arg>${TEST_DATA_DIR}${file_name}.json</arg>
<arg>encoding=utf-8</arg>
<doc>Load JSON from file.</doc>
<status status="PASS" start="2025-10-10T15:37:11.006271" elapsed="0.001158"/>
</kw>
<return>
<value>${data}[${scenario}]</value>
<status status="PASS" start="2025-10-10T15:37:11.007536" elapsed="0.000223"/>
</return>
<msg time="2025-10-10T15:37:11.008015" level="INFO">${user} = {'name': 'Test User', 'email': 'test@cinema.com', 'password': 'Test123'}</msg>
<var>${user}</var>
<arg>users</arg>
<arg>valid_user</arg>
<status status="PASS" start="2025-10-10T15:37:11.005671" elapsed="0.002388"/>
</kw>
<kw name="Reset user from database" owner="auth">
<kw name="Clean user from database" owner="database">
<arg>${user}[email]</arg>
<status status="PASS" start="2025-10-10T15:37:11.009143" elapsed="0.002608"/>
</kw>
<kw name="Insert user into database" owner="database">
<msg time="2025-10-10T15:37:11.035791" level="INFO">{'name': 'Test User', 'email': 'test@cinema.com', 'password': 'Test123'}</msg>
<msg time="2025-10-10T15:37:11.036002" level="INFO">${user_id} = None</msg>
<var>${user_id}</var>
<arg>${user}</arg>
<status status="PASS" start="2025-10-10T15:37:11.012035" elapsed="0.024016"/>
</kw>
<return>
<value>${user_id}</value>
<status status="PASS" start="2025-10-10T15:37:11.036177" elapsed="0.000318"/>
</return>
<arg>${user}</arg>
<status status="PASS" start="2025-10-10T15:37:11.008527" elapsed="0.028177"/>
</kw>
<kw name="POST a user login" owner="auth">
<kw name="Get Fixtures" owner="base">
<kw name="Load Json From File" owner="JSONLibrary">
<msg time="2025-10-10T15:37:11.039522" level="INFO">${data} = {'valid_user': {'name': 'Test User', 'email': 'test@cinema.com', 'password': 'Test123'}, 'invalid_user': {'email': 'invalidcinemacom', 'password': 'invalid123'}, 'admin_user': {'name': 'Admin User', '...</msg>
<var>${data}</var>
<arg>${TEST_DATA_DIR}${file_name}.json</arg>
<arg>encoding=utf-8</arg>
<doc>Load JSON from file.</doc>
<status status="PASS" start="2025-10-10T15:37:11.038377" elapsed="0.001205"/>
</kw>
<return>
<value>${data}[${scenario}]</value>
<status status="PASS" start="2025-10-10T15:37:11.039698" elapsed="0.000217"/>
</return>
<msg time="2025-10-10T15:37:11.040169" level="INFO">${user} = {'name': 'Test User', 'email': 'test@cinema.com', 'password': 'Test123'}</msg>
<var>${user}</var>
<arg>users</arg>
<arg>valid_user</arg>
<status status="PASS" start="2025-10-10T15:37:11.037812" elapsed="0.002402"/>
</kw>
<kw name="Create Dictionary" owner="BuiltIn">
<msg time="2025-10-10T15:37:11.041021" level="INFO">${payload} = {'email': 'test@cinema.com', 'password': 'Test123'}</msg>
<var>${payload}</var>
<arg>email=${user}[email]</arg>
<arg>password=${user}[password]</arg>
<doc>Creates and returns a dictionary based on the given ``items``.</doc>
<status status="PASS" start="2025-10-10T15:37:11.040421" elapsed="0.000677"/>
</kw>
<kw name="POST" owner="RequestsLibrary">
<msg time="2025-10-10T15:37:11.079293" level="INFO">POST Request : url=http://localhost:3000/api/v1/auth/login 
 path_url=/api/v1/auth/login 
 headers={'User-Agent': 'python-requests/2.32.5', 'Accept-Encoding': 'gzip, deflate', 'Accept': '*/*', 'Connection': 'keep-alive', 'Content-Length': '51', 'Content-Type': 'application/json'} 
 body=b'{"email": "test@cinema.com", "password": "Test123"}' 
 </msg>
<msg time="2025-10-10T15:37:11.079422" level="INFO">POST Response : url=http://localhost:3000/api/v1/auth/login 
 status=200, reason=OK 
 headers={'X-Powered-By': 'Express', 'Access-Control-Allow-Origin': '*', 'Content-Type': 'application/json; charset=utf-8', 'Content-Length': '299', 'ETag': 'W/"12b-aVsp5AYojO5OR5BHW0IW2hM19YA"', 'Date': 'Fri, 10 Oct 2025 18:37:11 GMT', 'Connection': 'keep-alive', 'Keep-Alive': 'timeout=5'} 
 body={"success":true,"data":{"_id":"68e952577804e92ea239d828","name":"Test User","email":"test@cinema.com","role":"user","token":"eyJhbGciOiJIUzI1NiIsInR5cCI6IkpXVCJ9.eyJpZCI6IjY4ZTk1MjU3NzgwNGU5MmVhMjM5ZDgyOCIsImlhdCI6MTc2MDEyMTQzMSwiZXhwIjoxNzYwMjA3ODMxfQ.XeO7qxaF8ychsWZyVW6i9hEp3g-aOxmm0Q4n4XXxI5Y"}} 
 </msg>
<msg time="2025-10-10T15:37:11.079809" level="INFO">${resp} = &lt;Response [200]&gt;</msg>
<var>${resp}</var>
<arg>url=${API_BASE_URL}/auth/login</arg>
<arg>json=${payload}</arg>
<arg>expected_status=200</arg>
<doc>Sends a POST request.</doc>
<status status="PASS" start="2025-10-10T15:37:11.041330" elapsed="0.038531"/>
</kw>
<kw name="Set Variable" owner="BuiltIn">
<msg time="2025-10-10T15:37:11.081314" level="INFO">${token} = Bearer eyJhbGciOiJIUzI1NiIsInR5cCI6IkpXVCJ9.eyJpZCI6IjY4ZTk1MjU3NzgwNGU5MmVhMjM5ZDgyOCIsImlhdCI6MTc2MDEyMTQzMSwiZXhwIjoxNzYwMjA3ODMxfQ.XeO7qxaF8ychsWZyVW6i9hEp3g-aOxmm0Q4n4XXxI5Y</msg>
<var>${token}</var>
<arg>Bearer ${resp.json()}[data][token]</arg>
<doc>Returns the given values which can then be assigned to a variables.</doc>
<status status="PASS" start="2025-10-10T15:37:11.080154" elapsed="0.001212"/>
</kw>
<kw name="Set Test Variable" owner="BuiltIn">
<msg time="2025-10-10T15:37:11.082012" level="INFO">${token} = Bearer eyJhbGciOiJIUzI1NiIsInR5cCI6IkpXVCJ9.eyJpZCI6IjY4ZTk1MjU3NzgwNGU5MmVhMjM5ZDgyOCIsImlhdCI6MTc2MDEyMTQzMSwiZXhwIjoxNzYwMjA3ODMxfQ.XeO7qxaF8ychsWZyVW6i9hEp3g-aOxmm0Q4n4XXxI5Y</msg>
<arg>${token}</arg>
<doc>Makes a variable available everywhere within the scope of the current test.</doc>
<status status="PASS" start="2025-10-10T15:37:11.081589" elapsed="0.000495"/>
</kw>
<status status="PASS" start="2025-10-10T15:37:11.037209" elapsed="0.044988"/>
</kw>
<kw name="GET user profile" owner="auth">
<kw name="Create Dictionary" owner="BuiltIn">
<msg time="2025-10-10T15:37:11.083923" level="INFO">${headers} = {'Authorization': 'Bearer eyJhbGciOiJIUzI1NiIsInR5cCI6IkpXVCJ9.eyJpZCI6IjY4ZTk1MjU3NzgwNGU5MmVhMjM5ZDgyOCIsImlhdCI6MTc2MDEyMTQzMSwiZXhwIjoxNzYwMjA3ODMxfQ.XeO7qxaF8ychsWZyVW6i9hEp3g-aOxmm0Q4n4XXxI5Y'}</msg>
<var>${headers}</var>
<arg>Authorization=${auth_token}</arg>
<doc>Creates and returns a dictionary based on the given ``items``.</doc>
<status status="PASS" start="2025-10-10T15:37:11.083402" elapsed="0.000585"/>
</kw>
<kw name="GET" owner="RequestsLibrary">
<msg time="2025-10-10T15:37:11.103631" level="INFO">GET Request : url=http://localhost:3000/api/v1/auth/me 
 path_url=/api/v1/auth/me 
 headers={'User-Agent': 'python-requests/2.32.5', 'Accept-Encoding': 'gzip, deflate', 'Accept': '*/*', 'Connection': 'keep-alive', 'Authorization': 'Bearer eyJhbGciOiJIUzI1NiIsInR5cCI6IkpXVCJ9.eyJpZCI6IjY4ZTk1MjU3NzgwNGU5MmVhMjM5ZDgyOCIsImlhdCI6MTc2MDEyMTQzMSwiZXhwIjoxNzYwMjA3ODMxfQ.XeO7qxaF8ychsWZyVW6i9hEp3g-aOxmm0Q4n4XXxI5Y'} 
 body=None 
 </msg>
<msg time="2025-10-10T15:37:11.103759" level="INFO">GET Response : url=http://localhost:3000/api/v1/auth/me 
 status=200, reason=OK 
 headers={'X-Powered-By': 'Express', 'Access-Control-Allow-Origin': '*', 'Content-Type': 'application/json; charset=utf-8', 'Content-Length': '117', 'ETag': 'W/"75-0tTGYEjDhL/K3pJYBQ9lYxQPHMw"', 'Date': 'Fri, 10 Oct 2025 18:37:11 GMT', 'Connection': 'keep-alive', 'Keep-Alive': 'timeout=5'} 
 body={"success":true,"data":{"_id":"68e952577804e92ea239d828","name":"Test User","email":"test@cinema.com","role":"user"}} 
 </msg>
<msg time="2025-10-10T15:37:11.103940" level="INFO">${resp} = &lt;Response [200]&gt;</msg>
<var>${resp}</var>
<arg>url=${API_BASE_URL}/auth/me</arg>
<arg>headers=${headers}</arg>
<arg>expected_status=any</arg>
<doc>Sends a GET request.</doc>
<status status="PASS" start="2025-10-10T15:37:11.084217" elapsed="0.019766"/>
</kw>
<return>
<value>${resp}</value>
<status status="PASS" start="2025-10-10T15:37:11.104294" elapsed="0.000308"/>
</return>
<msg time="2025-10-10T15:37:11.104865" level="INFO">${resp} = &lt;Response [200]&gt;</msg>
<var>${resp}</var>
<status status="PASS" start="2025-10-10T15:37:11.082728" elapsed="0.022182"/>
</kw>
<kw name="Should Be Equal As Numbers" owner="BuiltIn">
<msg time="2025-10-10T15:37:11.106231" level="INFO">Argument types are:
&lt;class 'int'&gt;
&lt;class 'str'&gt;</msg>
<arg>${resp.status_code}</arg>
<arg>200</arg>
<doc>Fails if objects are unequal after converting them to real numbers.</doc>
<status status="PASS" start="2025-10-10T15:37:11.105379" elapsed="0.000961"/>
</kw>
<kw name="GET user profile" owner="auth">
<kw name="Create Dictionary" owner="BuiltIn">
<msg time="2025-10-10T15:37:11.108363" level="INFO">${headers} = {'Authorization': ''}</msg>
<var>${headers}</var>
<arg>Authorization=${auth_token}</arg>
<doc>Creates and returns a dictionary based on the given ``items``.</doc>
<status status="PASS" start="2025-10-10T15:37:11.107803" elapsed="0.000612"/>
</kw>
<kw name="GET" owner="RequestsLibrary">
<msg time="2025-10-10T15:37:11.130918" level="INFO">GET Request : url=http://localhost:3000/api/v1/auth/me 
 path_url=/api/v1/auth/me 
 headers={'User-Agent': 'python-requests/2.32.5', 'Accept-Encoding': 'gzip, deflate', 'Accept': '*/*', 'Connection': 'keep-alive', 'Authorization': ''} 
 body=None 
 </msg>
<msg time="2025-10-10T15:37:11.131062" level="INFO">GET Response : url=http://localhost:3000/api/v1/auth/me 
 status=401, reason=Unauthorized 
 headers={'X-Powered-By': 'Express', 'Access-Control-Allow-Origin': '*', 'Content-Type': 'application/json; charset=utf-8', 'Content-Length': '65', 'ETag': 'W/"41-TJq3LYiwj1On+7IZ17oLU5tM1Zs"', 'Date': 'Fri, 10 Oct 2025 18:37:11 GMT', 'Connection': 'keep-alive', 'Keep-Alive': 'timeout=5'} 
 body={"success":false,"message":"Not authorized to access this route"} 
 </msg>
<msg time="2025-10-10T15:37:11.131245" level="INFO">${resp} = &lt;Response [401]&gt;</msg>
<var>${resp}</var>
<arg>url=${API_BASE_URL}/auth/me</arg>
<arg>headers=${headers}</arg>
<arg>expected_status=any</arg>
<doc>Sends a GET request.</doc>
<status status="PASS" start="2025-10-10T15:37:11.108616" elapsed="0.022676"/>
</kw>
<return>
<value>${resp}</value>
<status status="PASS" start="2025-10-10T15:37:11.131428" elapsed="0.000315"/>
</return>
<msg time="2025-10-10T15:37:11.131989" level="INFO">${resp} = &lt;Response [401]&gt;</msg>
<var>${resp}</var>
<arg>${EMPTY}</arg>
<status status="PASS" start="2025-10-10T15:37:11.106779" elapsed="0.025283"/>
</kw>
<kw name="Should Be Equal As Numbers" owner="BuiltIn">
<msg time="2025-10-10T15:37:11.133454" level="INFO">Argument types are:
&lt;class 'int'&gt;
&lt;class 'str'&gt;</msg>
<arg>${resp.status_code}</arg>
<arg>401</arg>
<doc>Fails if objects are unequal after converting them to real numbers.</doc>
<status status="PASS" start="2025-10-10T15:37:11.132561" elapsed="0.001001"/>
</kw>
<doc>Simula logout removendo token no cliente</doc>
<status status="PASS" start="2025-10-10T15:37:11.001988" elapsed="0.131954"/>
</test>
<test id="s1-s1-s1-s2-t2" name="Test JWT Stateless Behavior After Logout" line="21">
<kw name="Get Fixtures" owner="base">
<kw name="Load Json From File" owner="JSONLibrary">
<msg time="2025-10-10T15:37:11.147454" level="INFO">${data} = {'valid_user': {'name': 'Test User', 'email': 'test@cinema.com', 'password': 'Test123'}, 'invalid_user': {'email': 'invalidcinemacom', 'password': 'invalid123'}, 'admin_user': {'name': 'Admin User', '...</msg>
<var>${data}</var>
<arg>${TEST_DATA_DIR}${file_name}.json</arg>
<arg>encoding=utf-8</arg>
<doc>Load JSON from file.</doc>
<status status="PASS" start="2025-10-10T15:37:11.146314" elapsed="0.001202"/>
</kw>
<return>
<value>${data}[${scenario}]</value>
<status status="PASS" start="2025-10-10T15:37:11.147632" elapsed="0.000221"/>
</return>
<msg time="2025-10-10T15:37:11.148111" level="INFO">${user} = {'name': 'Test User', 'email': 'test@cinema.com', 'password': 'Test123'}</msg>
<var>${user}</var>
<arg>users</arg>
<arg>valid_user</arg>
<status status="PASS" start="2025-10-10T15:37:11.145535" elapsed="0.002620"/>
</kw>
<kw name="Reset user from database" owner="auth">
<kw name="Clean user from database" owner="database">
<arg>${user}[email]</arg>
<status status="PASS" start="2025-10-10T15:37:11.149274" elapsed="0.002280"/>
</kw>
<kw name="Insert user into database" owner="database">
<msg time="2025-10-10T15:37:11.175856" level="INFO">{'name': 'Test User', 'email': 'test@cinema.com', 'password': 'Test123'}</msg>
<msg time="2025-10-10T15:37:11.176069" level="INFO">${user_id} = None</msg>
<var>${user_id}</var>
<arg>${user}</arg>
<status status="PASS" start="2025-10-10T15:37:11.151790" elapsed="0.024327"/>
</kw>
<return>
<value>${user_id}</value>
<status status="PASS" start="2025-10-10T15:37:11.176263" elapsed="0.000301"/>
</return>
<arg>${user}</arg>
<status status="PASS" start="2025-10-10T15:37:11.148662" elapsed="0.028135"/>
</kw>
<kw name="POST a user login" owner="auth">
<kw name="Get Fixtures" owner="base">
<kw name="Load Json From File" owner="JSONLibrary">
<msg time="2025-10-10T15:37:11.179965" level="INFO">${data} = {'valid_user': {'name': 'Test User', 'email': 'test@cinema.com', 'password': 'Test123'}, 'invalid_user': {'email': 'invalidcinemacom', 'password': 'invalid123'}, 'admin_user': {'name': 'Admin User', '...</msg>
<var>${data}</var>
<arg>${TEST_DATA_DIR}${file_name}.json</arg>
<arg>encoding=utf-8</arg>
<doc>Load JSON from file.</doc>
<status status="PASS" start="2025-10-10T15:37:11.178650" elapsed="0.001371"/>
</kw>
<return>
<value>${data}[${scenario}]</value>
<status status="PASS" start="2025-10-10T15:37:11.180126" elapsed="0.000214"/>
</return>
<msg time="2025-10-10T15:37:11.180593" level="INFO">${user} = {'name': 'Test User', 'email': 'test@cinema.com', 'password': 'Test123'}</msg>
<var>${user}</var>
<arg>users</arg>
<arg>valid_user</arg>
<status status="PASS" start="2025-10-10T15:37:11.178071" elapsed="0.002566"/>
</kw>
<kw name="Create Dictionary" owner="BuiltIn">
<msg time="2025-10-10T15:37:11.181445" level="INFO">${payload} = {'email': 'test@cinema.com', 'password': 'Test123'}</msg>
<var>${payload}</var>
<arg>email=${user}[email]</arg>
<arg>password=${user}[password]</arg>
<doc>Creates and returns a dictionary based on the given ``items``.</doc>
<status status="PASS" start="2025-10-10T15:37:11.180876" elapsed="0.000620"/>
</kw>
<kw name="POST" owner="RequestsLibrary">
<msg time="2025-10-10T15:37:11.218521" level="INFO">POST Request : url=http://localhost:3000/api/v1/auth/login 
 path_url=/api/v1/auth/login 
 headers={'User-Agent': 'python-requests/2.32.5', 'Accept-Encoding': 'gzip, deflate', 'Accept': '*/*', 'Connection': 'keep-alive', 'Content-Length': '51', 'Content-Type': 'application/json'} 
 body=b'{"email": "test@cinema.com", "password": "Test123"}' 
 </msg>
<msg time="2025-10-10T15:37:11.218652" level="INFO">POST Response : url=http://localhost:3000/api/v1/auth/login 
 status=200, reason=OK 
 headers={'X-Powered-By': 'Express', 'Access-Control-Allow-Origin': '*', 'Content-Type': 'application/json; charset=utf-8', 'Content-Length': '299', 'ETag': 'W/"12b-33FPcPBp00KEGVbaQki6Cg7kEKI"', 'Date': 'Fri, 10 Oct 2025 18:37:11 GMT', 'Connection': 'keep-alive', 'Keep-Alive': 'timeout=5'} 
 body={"success":true,"data":{"_id":"68e952577804e92ea239d829","name":"Test User","email":"test@cinema.com","role":"user","token":"eyJhbGciOiJIUzI1NiIsInR5cCI6IkpXVCJ9.eyJpZCI6IjY4ZTk1MjU3NzgwNGU5MmVhMjM5ZDgyOSIsImlhdCI6MTc2MDEyMTQzMSwiZXhwIjoxNzYwMjA3ODMxfQ.-gVSSVgeY_5ovPVA-z_hIOT0AQd-59m8a9a3BfFoHpE"}} 
 </msg>
<msg time="2025-10-10T15:37:11.218836" level="INFO">${resp} = &lt;Response [200]&gt;</msg>
<var>${resp}</var>
<arg>url=${API_BASE_URL}/auth/login</arg>
<arg>json=${payload}</arg>
<arg>expected_status=200</arg>
<doc>Sends a POST request.</doc>
<status status="PASS" start="2025-10-10T15:37:11.181686" elapsed="0.037195"/>
</kw>
<kw name="Set Variable" owner="BuiltIn">
<msg time="2025-10-10T15:37:11.220342" level="INFO">${token} = Bearer eyJhbGciOiJIUzI1NiIsInR5cCI6IkpXVCJ9.eyJpZCI6IjY4ZTk1MjU3NzgwNGU5MmVhMjM5ZDgyOSIsImlhdCI6MTc2MDEyMTQzMSwiZXhwIjoxNzYwMjA3ODMxfQ.-gVSSVgeY_5ovPVA-z_hIOT0AQd-59m8a9a3BfFoHpE</msg>
<var>${token}</var>
<arg>Bearer ${resp.json()}[data][token]</arg>
<doc>Returns the given values which can then be assigned to a variables.</doc>
<status status="PASS" start="2025-10-10T15:37:11.219275" elapsed="0.001119"/>
</kw>
<kw name="Set Test Variable" owner="BuiltIn">
<msg time="2025-10-10T15:37:11.221101" level="INFO">${token} = Bearer eyJhbGciOiJIUzI1NiIsInR5cCI6IkpXVCJ9.eyJpZCI6IjY4ZTk1MjU3NzgwNGU5MmVhMjM5ZDgyOSIsImlhdCI6MTc2MDEyMTQzMSwiZXhwIjoxNzYwMjA3ODMxfQ.-gVSSVgeY_5ovPVA-z_hIOT0AQd-59m8a9a3BfFoHpE</msg>
<arg>${token}</arg>
<doc>Makes a variable available everywhere within the scope of the current test.</doc>
<status status="PASS" start="2025-10-10T15:37:11.220607" elapsed="0.000572"/>
</kw>
<status status="PASS" start="2025-10-10T15:37:11.177365" elapsed="0.043932"/>
</kw>
<kw name="Set Variable" owner="BuiltIn">
<msg time="2025-10-10T15:37:11.222088" level="INFO">${saved_token} = Bearer eyJhbGciOiJIUzI1NiIsInR5cCI6IkpXVCJ9.eyJpZCI6IjY4ZTk1MjU3NzgwNGU5MmVhMjM5ZDgyOSIsImlhdCI6MTc2MDEyMTQzMSwiZXhwIjoxNzYwMjA3ODMxfQ.-gVSSVgeY_5ovPVA-z_hIOT0AQd-59m8a9a3BfFoHpE</msg>
<var>${saved_token}</var>
<arg>${token}</arg>
<doc>Returns the given values which can then be assigned to a variables.</doc>
<status status="PASS" start="2025-10-10T15:37:11.221683" elapsed="0.000453"/>
</kw>
<kw name="Set Test Variable" owner="BuiltIn">
<msg time="2025-10-10T15:37:11.223333" level="INFO">${saved_token} = Bearer eyJhbGciOiJIUzI1NiIsInR5cCI6IkpXVCJ9.eyJpZCI6IjY4ZTk1MjU3NzgwNGU5MmVhMjM5ZDgyOSIsImlhdCI6MTc2MDEyMTQzMSwiZXhwIjoxNzYwMjA3ODMxfQ.-gVSSVgeY_5ovPVA-z_hIOT0AQd-59m8a9a3BfFoHpE</msg>
<arg>${saved_token}</arg>
<doc>Makes a variable available everywhere within the scope of the current test.</doc>
<status status="PASS" start="2025-10-10T15:37:11.222710" elapsed="0.000746"/>
</kw>
<kw name="Set Test Variable" owner="BuiltIn">
<msg time="2025-10-10T15:37:11.224783" level="INFO">${token} = </msg>
<arg>${token}</arg>
<arg>${EMPTY}</arg>
<doc>Makes a variable available everywhere within the scope of the current test.</doc>
<status status="PASS" start="2025-10-10T15:37:11.223932" elapsed="0.000934"/>
</kw>
<kw name="GET user profile" owner="auth">
<kw name="Create Dictionary" owner="BuiltIn">
<msg time="2025-10-10T15:37:11.226694" level="INFO">${headers} = {'Authorization': 'Bearer eyJhbGciOiJIUzI1NiIsInR5cCI6IkpXVCJ9.eyJpZCI6IjY4ZTk1MjU3NzgwNGU5MmVhMjM5ZDgyOSIsImlhdCI6MTc2MDEyMTQzMSwiZXhwIjoxNzYwMjA3ODMxfQ.-gVSSVgeY_5ovPVA-z_hIOT0AQd-59m8a9a3BfFoHpE'}</msg>
<var>${headers}</var>
<arg>Authorization=${auth_token}</arg>
<doc>Creates and returns a dictionary based on the given ``items``.</doc>
<status status="PASS" start="2025-10-10T15:37:11.226128" elapsed="0.000621"/>
</kw>
<kw name="GET" owner="RequestsLibrary">
<msg time="2025-10-10T15:37:11.258532" level="INFO">GET Request : url=http://localhost:3000/api/v1/auth/me 
 path_url=/api/v1/auth/me 
 headers={'User-Agent': 'python-requests/2.32.5', 'Accept-Encoding': 'gzip, deflate', 'Accept': '*/*', 'Connection': 'keep-alive', 'Authorization': 'Bearer eyJhbGciOiJIUzI1NiIsInR5cCI6IkpXVCJ9.eyJpZCI6IjY4ZTk1MjU3NzgwNGU5MmVhMjM5ZDgyOSIsImlhdCI6MTc2MDEyMTQzMSwiZXhwIjoxNzYwMjA3ODMxfQ.-gVSSVgeY_5ovPVA-z_hIOT0AQd-59m8a9a3BfFoHpE'} 
 body=None 
 </msg>
<msg time="2025-10-10T15:37:11.258677" level="INFO">GET Response : url=http://localhost:3000/api/v1/auth/me 
 status=200, reason=OK 
 headers={'X-Powered-By': 'Express', 'Access-Control-Allow-Origin': '*', 'Content-Type': 'application/json; charset=utf-8', 'Content-Length': '117', 'ETag': 'W/"75-pSWORAw0qAlpRgpr587xWGjyGuQ"', 'Date': 'Fri, 10 Oct 2025 18:37:11 GMT', 'Connection': 'keep-alive', 'Keep-Alive': 'timeout=5'} 
 body={"success":true,"data":{"_id":"68e952577804e92ea239d829","name":"Test User","email":"test@cinema.com","role":"user"}} 
 </msg>
<msg time="2025-10-10T15:37:11.258860" level="INFO">${resp} = &lt;Response [200]&gt;</msg>
<var>${resp}</var>
<arg>url=${API_BASE_URL}/auth/me</arg>
<arg>headers=${headers}</arg>
<arg>expected_status=any</arg>
<doc>Sends a GET request.</doc>
<status status="PASS" start="2025-10-10T15:37:11.226987" elapsed="0.031922"/>
</kw>
<return>
<value>${resp}</value>
<status status="PASS" start="2025-10-10T15:37:11.259048" elapsed="0.000405"/>
</return>
<msg time="2025-10-10T15:37:11.259742" level="INFO">${resp} = &lt;Response [200]&gt;</msg>
<var>${resp}</var>
<arg>${saved_token}</arg>
<status status="PASS" start="2025-10-10T15:37:11.225365" elapsed="0.034423"/>
</kw>
<kw name="Should Be Equal As Numbers" owner="BuiltIn">
<msg time="2025-10-10T15:37:11.261115" level="INFO">Argument types are:
&lt;class 'int'&gt;
&lt;class 'str'&gt;</msg>
<arg>${resp.status_code}</arg>
<arg>200</arg>
<doc>Fails if objects are unequal after converting them to real numbers.</doc>
<status status="PASS" start="2025-10-10T15:37:11.260251" elapsed="0.000963"/>
</kw>
<kw name="Log" owner="BuiltIn">
<msg time="2025-10-10T15:37:11.262017" level="INFO">Token permanece válido</msg>
<arg>Token permanece válido</arg>
<doc>Logs the given message with the given level.</doc>
<status status="PASS" start="2025-10-10T15:37:11.261661" elapsed="0.000436"/>
</kw>
<doc>Demonstra que em JWT o token permanece válido no servidor</doc>
<status status="PASS" start="2025-10-10T15:37:11.141546" elapsed="0.121174"/>
</test>
<doc>Testes de comportamento JWT</doc>
<status status="PASS" start="2025-10-10T15:37:10.964170" elapsed="0.305072"/>
</suite>
<suite id="s1-s1-s1-s3" name="Profile" source="D:\Projects\IdeaProjects\ChallegeFinal\cinema-challenge-qa-robotframework\tests\api\auth\profile.robot">
<kw name="API Session" owner="base" type="SETUP">
<kw name="Create Session" owner="RequestsLibrary">
<msg time="2025-10-10T15:37:11.326824" level="INFO">Creating Session using : alias=api, url=http://localhost:3000/api/v1, headers={},                     cookies={}, auth=None, timeout=5, proxies=None, verify=False,                     debug=0 </msg>
<arg>api</arg>
<arg>${API_BASE_URL}</arg>
<arg>timeout=${API_TIMEOUT}</arg>
<doc>Create Session: create a HTTP session to a server</doc>
<status status="PASS" start="2025-10-10T15:37:11.326238" elapsed="0.000864"/>
</kw>
<doc>Configura sessão para testes de API</doc>
<status status="PASS" start="2025-10-10T15:37:11.325566" elapsed="0.001703"/>
</kw>
<test id="s1-s1-s1-s3-t1" name="Test Get Profile With Valid Token" line="10">
<kw name="Get Fixtures" owner="base">
<kw name="Load Json From File" owner="JSONLibrary">
<msg time="2025-10-10T15:37:11.332744" level="INFO">${data} = {'valid_user': {'name': 'Test User', 'email': 'test@cinema.com', 'password': 'Test123'}, 'invalid_user': {'email': 'invalidcinemacom', 'password': 'invalid123'}, 'admin_user': {'name': 'Admin User', '...</msg>
<var>${data}</var>
<arg>${TEST_DATA_DIR}${file_name}.json</arg>
<arg>encoding=utf-8</arg>
<doc>Load JSON from file.</doc>
<status status="PASS" start="2025-10-10T15:37:11.331641" elapsed="0.001161"/>
</kw>
<return>
<value>${data}[${scenario}]</value>
<status status="PASS" start="2025-10-10T15:37:11.332916" elapsed="0.000226"/>
</return>
<msg time="2025-10-10T15:37:11.333400" level="INFO">${user} = {'name': 'Test User', 'email': 'test@cinema.com', 'password': 'Test123'}</msg>
<var>${user}</var>
<arg>users</arg>
<arg>valid_user</arg>
<status status="PASS" start="2025-10-10T15:37:11.330972" elapsed="0.002472"/>
</kw>
<kw name="Reset user from database" owner="auth">
<kw name="Clean user from database" owner="database">
<arg>${user}[email]</arg>
<status status="PASS" start="2025-10-10T15:37:11.334486" elapsed="0.002140"/>
</kw>
<kw name="Insert user into database" owner="database">
<msg time="2025-10-10T15:37:11.360993" level="INFO">{'name': 'Test User', 'email': 'test@cinema.com', 'password': 'Test123'}</msg>
<msg time="2025-10-10T15:37:11.361431" level="INFO">${user_id} = None</msg>
<var>${user_id}</var>
<arg>${user}</arg>
<status status="PASS" start="2025-10-10T15:37:11.336830" elapsed="0.024653"/>
</kw>
<return>
<value>${user_id}</value>
<status status="PASS" start="2025-10-10T15:37:11.361618" elapsed="0.000409"/>
</return>
<arg>${user}</arg>
<status status="PASS" start="2025-10-10T15:37:11.333902" elapsed="0.028478"/>
</kw>
<kw name="POST a user login" owner="auth">
<kw name="Get Fixtures" owner="base">
<kw name="Load Json From File" owner="JSONLibrary">
<msg time="2025-10-10T15:37:11.365504" level="INFO">${data} = {'valid_user': {'name': 'Test User', 'email': 'test@cinema.com', 'password': 'Test123'}, 'invalid_user': {'email': 'invalidcinemacom', 'password': 'invalid123'}, 'admin_user': {'name': 'Admin User', '...</msg>
<var>${data}</var>
<arg>${TEST_DATA_DIR}${file_name}.json</arg>
<arg>encoding=utf-8</arg>
<doc>Load JSON from file.</doc>
<status status="PASS" start="2025-10-10T15:37:11.364337" elapsed="0.001224"/>
</kw>
<return>
<value>${data}[${scenario}]</value>
<status status="PASS" start="2025-10-10T15:37:11.365672" elapsed="0.000224"/>
</return>
<msg time="2025-10-10T15:37:11.366161" level="INFO">${user} = {'name': 'Test User', 'email': 'test@cinema.com', 'password': 'Test123'}</msg>
<var>${user}</var>
<arg>users</arg>
<arg>valid_user</arg>
<status status="PASS" start="2025-10-10T15:37:11.363742" elapsed="0.002464"/>
</kw>
<kw name="Create Dictionary" owner="BuiltIn">
<msg time="2025-10-10T15:37:11.367089" level="INFO">${payload} = {'email': 'test@cinema.com', 'password': 'Test123'}</msg>
<var>${payload}</var>
<arg>email=${user}[email]</arg>
<arg>password=${user}[password]</arg>
<doc>Creates and returns a dictionary based on the given ``items``.</doc>
<status status="PASS" start="2025-10-10T15:37:11.366439" elapsed="0.000709"/>
</kw>
<kw name="POST" owner="RequestsLibrary">
<msg time="2025-10-10T15:37:11.404459" level="INFO">POST Request : url=http://localhost:3000/api/v1/auth/login 
 path_url=/api/v1/auth/login 
 headers={'User-Agent': 'python-requests/2.32.5', 'Accept-Encoding': 'gzip, deflate', 'Accept': '*/*', 'Connection': 'keep-alive', 'Content-Length': '51', 'Content-Type': 'application/json'} 
 body=b'{"email": "test@cinema.com", "password": "Test123"}' 
 </msg>
<msg time="2025-10-10T15:37:11.404582" level="INFO">POST Response : url=http://localhost:3000/api/v1/auth/login 
 status=200, reason=OK 
 headers={'X-Powered-By': 'Express', 'Access-Control-Allow-Origin': '*', 'Content-Type': 'application/json; charset=utf-8', 'Content-Length': '299', 'ETag': 'W/"12b-x/lbKf7IJ8cTwMbgUpS4eWOeirI"', 'Date': 'Fri, 10 Oct 2025 18:37:11 GMT', 'Connection': 'keep-alive', 'Keep-Alive': 'timeout=5'} 
 body={"success":true,"data":{"_id":"68e952577804e92ea239d82a","name":"Test User","email":"test@cinema.com","role":"user","token":"eyJhbGciOiJIUzI1NiIsInR5cCI6IkpXVCJ9.eyJpZCI6IjY4ZTk1MjU3NzgwNGU5MmVhMjM5ZDgyYSIsImlhdCI6MTc2MDEyMTQzMSwiZXhwIjoxNzYwMjA3ODMxfQ.ySuSIGb2Dvht8XiP4F6uf_y4aiQfcSPn_tSz9emLfKI"}} 
 </msg>
<msg time="2025-10-10T15:37:11.404957" level="INFO">${resp} = &lt;Response [200]&gt;</msg>
<var>${resp}</var>
<arg>url=${API_BASE_URL}/auth/login</arg>
<arg>json=${payload}</arg>
<arg>expected_status=200</arg>
<doc>Sends a POST request.</doc>
<status status="PASS" start="2025-10-10T15:37:11.367395" elapsed="0.037613"/>
</kw>
<kw name="Set Variable" owner="BuiltIn">
<msg time="2025-10-10T15:37:11.406414" level="INFO">${token} = Bearer eyJhbGciOiJIUzI1NiIsInR5cCI6IkpXVCJ9.eyJpZCI6IjY4ZTk1MjU3NzgwNGU5MmVhMjM5ZDgyYSIsImlhdCI6MTc2MDEyMTQzMSwiZXhwIjoxNzYwMjA3ODMxfQ.ySuSIGb2Dvht8XiP4F6uf_y4aiQfcSPn_tSz9emLfKI</msg>
<var>${token}</var>
<arg>Bearer ${resp.json()}[data][token]</arg>
<doc>Returns the given values which can then be assigned to a variables.</doc>
<status status="PASS" start="2025-10-10T15:37:11.405296" elapsed="0.001169"/>
</kw>
<kw name="Set Test Variable" owner="BuiltIn">
<msg time="2025-10-10T15:37:11.407100" level="INFO">${token} = Bearer eyJhbGciOiJIUzI1NiIsInR5cCI6IkpXVCJ9.eyJpZCI6IjY4ZTk1MjU3NzgwNGU5MmVhMjM5ZDgyYSIsImlhdCI6MTc2MDEyMTQzMSwiZXhwIjoxNzYwMjA3ODMxfQ.ySuSIGb2Dvht8XiP4F6uf_y4aiQfcSPn_tSz9emLfKI</msg>
<arg>${token}</arg>
<doc>Makes a variable available everywhere within the scope of the current test.</doc>
<status status="PASS" start="2025-10-10T15:37:11.406678" elapsed="0.000494"/>
</kw>
<status status="PASS" start="2025-10-10T15:37:11.363064" elapsed="0.044226"/>
</kw>
<kw name="Create Dictionary" owner="BuiltIn">
<msg time="2025-10-10T15:37:11.408214" level="INFO">${headers} = {'Authorization': 'Bearer eyJhbGciOiJIUzI1NiIsInR5cCI6IkpXVCJ9.eyJpZCI6IjY4ZTk1MjU3NzgwNGU5MmVhMjM5ZDgyYSIsImlhdCI6MTc2MDEyMTQzMSwiZXhwIjoxNzYwMjA3ODMxfQ.ySuSIGb2Dvht8XiP4F6uf_y4aiQfcSPn_tSz9emLfKI'}</msg>
<var>${headers}</var>
<arg>Authorization=${token}</arg>
<doc>Creates and returns a dictionary based on the given ``items``.</doc>
<status status="PASS" start="2025-10-10T15:37:11.407716" elapsed="0.000547"/>
</kw>
<kw name="GET" owner="RequestsLibrary">
<msg time="2025-10-10T15:37:11.418246" level="INFO">GET Request : url=http://localhost:3000/api/v1/auth/me 
 path_url=/api/v1/auth/me 
 headers={'User-Agent': 'python-requests/2.32.5', 'Accept-Encoding': 'gzip, deflate', 'Accept': '*/*', 'Connection': 'keep-alive', 'Authorization': 'Bearer eyJhbGciOiJIUzI1NiIsInR5cCI6IkpXVCJ9.eyJpZCI6IjY4ZTk1MjU3NzgwNGU5MmVhMjM5ZDgyYSIsImlhdCI6MTc2MDEyMTQzMSwiZXhwIjoxNzYwMjA3ODMxfQ.ySuSIGb2Dvht8XiP4F6uf_y4aiQfcSPn_tSz9emLfKI'} 
 body=None 
 </msg>
<msg time="2025-10-10T15:37:11.418374" level="INFO">GET Response : url=http://localhost:3000/api/v1/auth/me 
 status=200, reason=OK 
 headers={'X-Powered-By': 'Express', 'Access-Control-Allow-Origin': '*', 'Content-Type': 'application/json; charset=utf-8', 'Content-Length': '117', 'ETag': 'W/"75-21//66lIPVqPAyWzRLCNix9ldjw"', 'Date': 'Fri, 10 Oct 2025 18:37:11 GMT', 'Connection': 'keep-alive', 'Keep-Alive': 'timeout=5'} 
 body={"success":true,"data":{"_id":"68e952577804e92ea239d82a","name":"Test User","email":"test@cinema.com","role":"user"}} 
 </msg>
<msg time="2025-10-10T15:37:11.418553" level="INFO">${resp} = &lt;Response [200]&gt;</msg>
<var>${resp}</var>
<arg>url=${API_BASE_URL}/auth/me</arg>
<arg>headers=${headers}</arg>
<arg>expected_status=any</arg>
<doc>Sends a GET request.</doc>
<status status="PASS" start="2025-10-10T15:37:11.408681" elapsed="0.009917"/>
</kw>
<kw name="Should Be Equal As Numbers" owner="BuiltIn">
<msg time="2025-10-10T15:37:11.420305" level="INFO">Argument types are:
&lt;class 'int'&gt;
&lt;class 'str'&gt;</msg>
<arg>${resp.status_code}</arg>
<arg>200</arg>
<doc>Fails if objects are unequal after converting them to real numbers.</doc>
<status status="PASS" start="2025-10-10T15:37:11.419115" elapsed="0.001295"/>
</kw>
<kw name="Should Be Equal As Strings" owner="BuiltIn">
<msg time="2025-10-10T15:37:11.421652" level="INFO">Argument types are:
&lt;class 'bool'&gt;
&lt;class 'str'&gt;</msg>
<arg>${resp.json()}[success]</arg>
<arg>True</arg>
<doc>Fails if objects are unequal after converting them to strings.</doc>
<status status="PASS" start="2025-10-10T15:37:11.420789" elapsed="0.000951"/>
</kw>
<kw name="Should Be Equal As Strings" owner="BuiltIn">
<arg>${resp.json()}[data][name]</arg>
<arg>${user}[name]</arg>
<doc>Fails if objects are unequal after converting them to strings.</doc>
<status status="PASS" start="2025-10-10T15:37:11.422099" elapsed="0.000885"/>
</kw>
<kw name="Should Be Equal As Strings" owner="BuiltIn">
<arg>${resp.json()}[data][email]</arg>
<arg>${user}[email]</arg>
<doc>Fails if objects are unequal after converting them to strings.</doc>
<status status="PASS" start="2025-10-10T15:37:11.423343" elapsed="0.000886"/>
</kw>
<kw name="Dictionary Should Contain Key" owner="Collections">
<arg>${resp.json()}[data]</arg>
<arg>role</arg>
<doc>Fails if ``key`` is not found from ``dictionary``.</doc>
<status status="PASS" start="2025-10-10T15:37:11.424936" elapsed="0.001249"/>
</kw>
<kw name="Dictionary Should Contain Key" owner="Collections">
<arg>${resp.json()}[data]</arg>
<arg>_id</arg>
<doc>Fails if ``key`` is not found from ``dictionary``.</doc>
<status status="PASS" start="2025-10-10T15:37:11.426594" elapsed="0.001038"/>
</kw>
<doc>API GET /auth/me retorna dados do usuário</doc>
<status status="PASS" start="2025-10-10T15:37:11.327373" elapsed="0.100638"/>
</test>
<test id="s1-s1-s1-s3-t2" name="Test Get Profile Without Token" line="27">
<kw name="GET" owner="RequestsLibrary">
<msg time="2025-10-10T15:37:11.457544" level="INFO">GET Request : url=http://localhost:3000/api/v1/auth/me 
 path_url=/api/v1/auth/me 
 headers={'User-Agent': 'python-requests/2.32.5', 'Accept-Encoding': 'gzip, deflate', 'Accept': '*/*', 'Connection': 'keep-alive'} 
 body=None 
 </msg>
<msg time="2025-10-10T15:37:11.457673" level="INFO">GET Response : url=http://localhost:3000/api/v1/auth/me 
 status=401, reason=Unauthorized 
 headers={'X-Powered-By': 'Express', 'Access-Control-Allow-Origin': '*', 'Content-Type': 'application/json; charset=utf-8', 'Content-Length': '65', 'ETag': 'W/"41-TJq3LYiwj1On+7IZ17oLU5tM1Zs"', 'Date': 'Fri, 10 Oct 2025 18:37:11 GMT', 'Connection': 'keep-alive', 'Keep-Alive': 'timeout=5'} 
 body={"success":false,"message":"Not authorized to access this route"} 
 </msg>
<msg time="2025-10-10T15:37:11.457856" level="INFO">${resp} = &lt;Response [401]&gt;</msg>
<var>${resp}</var>
<arg>url=${API_BASE_URL}/auth/me</arg>
<arg>expected_status=any</arg>
<doc>Sends a GET request.</doc>
<status status="PASS" start="2025-10-10T15:37:11.439293" elapsed="0.018609"/>
</kw>
<kw name="Should Be Equal As Numbers" owner="BuiltIn">
<msg time="2025-10-10T15:37:11.459459" level="INFO">Argument types are:
&lt;class 'int'&gt;
&lt;class 'str'&gt;</msg>
<arg>${resp.status_code}</arg>
<arg>401</arg>
<doc>Fails if objects are unequal after converting them to real numbers.</doc>
<status status="PASS" start="2025-10-10T15:37:11.458457" elapsed="0.001110"/>
</kw>
<kw name="Should Be Equal As Strings" owner="BuiltIn">
<msg time="2025-10-10T15:37:11.460947" level="INFO">Argument types are:
&lt;class 'bool'&gt;
&lt;class 'str'&gt;</msg>
<arg>${resp.json()}[success]</arg>
<arg>False</arg>
<doc>Fails if objects are unequal after converting them to strings.</doc>
<status status="PASS" start="2025-10-10T15:37:11.460005" elapsed="0.001030"/>
</kw>
<kw name="Dictionary Should Contain Key" owner="Collections">
<msg time="2025-10-10T15:37:11.462259" level="FAIL">Dictionary does not contain key 'error'.</msg>
<arg>${resp.json()}</arg>
<arg>error</arg>
<doc>Fails if ``key`` is not found from ``dictionary``.</doc>
<status status="FAIL" start="2025-10-10T15:37:11.461401" elapsed="0.000983">Dictionary does not contain key 'error'.</status>
</kw>
<doc>API retorna erro 401 para usuários não autenticados</doc>
<status status="FAIL" start="2025-10-10T15:37:11.436277" elapsed="0.026507">Dictionary does not contain key 'error'.</status>
</test>
<test id="s1-s1-s1-s3-t3" name="Test Get Profile With Invalid Token" line="36">
<kw name="Create Dictionary" owner="BuiltIn">
<msg time="2025-10-10T15:37:11.473670" level="INFO">${headers} = {'Authorization': 'Bearer invalid_token'}</msg>
<var>${headers}</var>
<arg>Authorization=Bearer invalid_token</arg>
<doc>Creates and returns a dictionary based on the given ``items``.</doc>
<status status="PASS" start="2025-10-10T15:37:11.473088" elapsed="0.000637"/>
</kw>
<kw name="GET" owner="RequestsLibrary">
<msg time="2025-10-10T15:37:11.489157" level="INFO">GET Request : url=http://localhost:3000/api/v1/auth/me 
 path_url=/api/v1/auth/me 
 headers={'User-Agent': 'python-requests/2.32.5', 'Accept-Encoding': 'gzip, deflate', 'Accept': '*/*', 'Connection': 'keep-alive', 'Authorization': 'Bearer invalid_token'} 
 body=None 
 </msg>
<msg time="2025-10-10T15:37:11.489281" level="INFO">GET Response : url=http://localhost:3000/api/v1/auth/me 
 status=401, reason=Unauthorized 
 headers={'X-Powered-By': 'Express', 'Access-Control-Allow-Origin': '*', 'Content-Type': 'application/json; charset=utf-8', 'Content-Length': '65', 'ETag': 'W/"41-TJq3LYiwj1On+7IZ17oLU5tM1Zs"', 'Date': 'Fri, 10 Oct 2025 18:37:11 GMT', 'Connection': 'keep-alive', 'Keep-Alive': 'timeout=5'} 
 body={"success":false,"message":"Not authorized to access this route"} 
 </msg>
<msg time="2025-10-10T15:37:11.489539" level="INFO">${resp} = &lt;Response [401]&gt;</msg>
<var>${resp}</var>
<arg>url=${API_BASE_URL}/auth/me</arg>
<arg>headers=${headers}</arg>
<arg>expected_status=any</arg>
<doc>Sends a GET request.</doc>
<status status="PASS" start="2025-10-10T15:37:11.474165" elapsed="0.015427"/>
</kw>
<kw name="Should Be Equal As Strings" owner="BuiltIn">
<msg time="2025-10-10T15:37:11.491176" level="INFO">Argument types are:
&lt;class 'bool'&gt;
&lt;class 'str'&gt;</msg>
<arg>${resp.json()}[success]</arg>
<arg>False</arg>
<doc>Fails if objects are unequal after converting them to strings.</doc>
<status status="PASS" start="2025-10-10T15:37:11.490111" elapsed="0.001154"/>
</kw>
<kw name="Should Be Equal As Numbers" owner="BuiltIn">
<msg time="2025-10-10T15:37:11.492644" level="INFO">Argument types are:
&lt;class 'int'&gt;
&lt;class 'str'&gt;</msg>
<msg time="2025-10-10T15:37:11.492825" level="FAIL">401.0 != 403.0</msg>
<arg>${resp.status_code}</arg>
<arg>403</arg>
<doc>Fails if objects are unequal after converting them to real numbers.</doc>
<status status="FAIL" start="2025-10-10T15:37:11.491695" elapsed="0.001249">401.0 != 403.0</status>
</kw>
<kw name="Dictionary Should Contain Key" owner="Collections">
<arg>${resp.json()}</arg>
<arg>error</arg>
<doc>Fails if ``key`` is not found from ``dictionary``.</doc>
<status status="NOT RUN" start="2025-10-10T15:37:11.493405" elapsed="0.000280"/>
</kw>
<doc>API retorna erro 403 para token inválido</doc>
<status status="FAIL" start="2025-10-10T15:37:11.469725" elapsed="0.024383">401.0 != 403.0</status>
</test>
<test id="s1-s1-s1-s3-t4" name="Test Update Profile Name Success" line="46">
<kw name="Get Fixtures" owner="base">
<kw name="Load Json From File" owner="JSONLibrary">
<msg time="2025-10-10T15:37:11.510049" level="INFO">${data} = {'valid_user': {'name': 'Test User', 'email': 'test@cinema.com', 'password': 'Test123'}, 'invalid_user': {'email': 'invalidcinemacom', 'password': 'invalid123'}, 'admin_user': {'name': 'Admin User', '...</msg>
<var>${data}</var>
<arg>${TEST_DATA_DIR}${file_name}.json</arg>
<arg>encoding=utf-8</arg>
<doc>Load JSON from file.</doc>
<status status="PASS" start="2025-10-10T15:37:11.508802" elapsed="0.001321"/>
</kw>
<return>
<value>${data}[${scenario}]</value>
<status status="PASS" start="2025-10-10T15:37:11.510259" elapsed="0.000243"/>
</return>
<msg time="2025-10-10T15:37:11.510778" level="INFO">${user} = {'name': 'Test User', 'email': 'test@cinema.com', 'password': 'Test123'}</msg>
<var>${user}</var>
<arg>users</arg>
<arg>valid_user</arg>
<status status="PASS" start="2025-10-10T15:37:11.507970" elapsed="0.002855"/>
</kw>
<kw name="Reset user from database" owner="auth">
<kw name="Clean user from database" owner="database">
<arg>${user}[email]</arg>
<status status="PASS" start="2025-10-10T15:37:11.512013" elapsed="0.002362"/>
</kw>
<kw name="Insert user into database" owner="database">
<msg time="2025-10-10T15:37:11.538686" level="INFO">{'name': 'Test User', 'email': 'test@cinema.com', 'password': 'Test123'}</msg>
<msg time="2025-10-10T15:37:11.538881" level="INFO">${user_id} = None</msg>
<var>${user_id}</var>
<arg>${user}</arg>
<status status="PASS" start="2025-10-10T15:37:11.514609" elapsed="0.024312"/>
</kw>
<return>
<value>${user_id}</value>
<status status="PASS" start="2025-10-10T15:37:11.539048" elapsed="0.000350"/>
</return>
<arg>${user}</arg>
<status status="PASS" start="2025-10-10T15:37:11.511372" elapsed="0.028256"/>
</kw>
<kw name="POST a user login" owner="auth">
<kw name="Get Fixtures" owner="base">
<kw name="Load Json From File" owner="JSONLibrary">
<msg time="2025-10-10T15:37:11.542608" level="INFO">${data} = {'valid_user': {'name': 'Test User', 'email': 'test@cinema.com', 'password': 'Test123'}, 'invalid_user': {'email': 'invalidcinemacom', 'password': 'invalid123'}, 'admin_user': {'name': 'Admin User', '...</msg>
<var>${data}</var>
<arg>${TEST_DATA_DIR}${file_name}.json</arg>
<arg>encoding=utf-8</arg>
<doc>Load JSON from file.</doc>
<status status="PASS" start="2025-10-10T15:37:11.541388" elapsed="0.001407"/>
</kw>
<return>
<value>${data}[${scenario}]</value>
<status status="PASS" start="2025-10-10T15:37:11.542919" elapsed="0.000232"/>
</return>
<msg time="2025-10-10T15:37:11.543420" level="INFO">${user} = {'name': 'Test User', 'email': 'test@cinema.com', 'password': 'Test123'}</msg>
<var>${user}</var>
<arg>users</arg>
<arg>valid_user</arg>
<status status="PASS" start="2025-10-10T15:37:11.540798" elapsed="0.002667"/>
</kw>
<kw name="Create Dictionary" owner="BuiltIn">
<msg time="2025-10-10T15:37:11.544346" level="INFO">${payload} = {'email': 'test@cinema.com', 'password': 'Test123'}</msg>
<var>${payload}</var>
<arg>email=${user}[email]</arg>
<arg>password=${user}[password]</arg>
<doc>Creates and returns a dictionary based on the given ``items``.</doc>
<status status="PASS" start="2025-10-10T15:37:11.543764" elapsed="0.000629"/>
</kw>
<kw name="POST" owner="RequestsLibrary">
<msg time="2025-10-10T15:37:11.597544" level="INFO">POST Request : url=http://localhost:3000/api/v1/auth/login 
 path_url=/api/v1/auth/login 
 headers={'User-Agent': 'python-requests/2.32.5', 'Accept-Encoding': 'gzip, deflate', 'Accept': '*/*', 'Connection': 'keep-alive', 'Content-Length': '51', 'Content-Type': 'application/json'} 
 body=b'{"email": "test@cinema.com", "password": "Test123"}' 
 </msg>
<msg time="2025-10-10T15:37:11.597667" level="INFO">POST Response : url=http://localhost:3000/api/v1/auth/login 
 status=200, reason=OK 
 headers={'X-Powered-By': 'Express', 'Access-Control-Allow-Origin': '*', 'Content-Type': 'application/json; charset=utf-8', 'Content-Length': '299', 'ETag': 'W/"12b-gyYwuX4EVqg7X8oG84kpKc1rlSE"', 'Date': 'Fri, 10 Oct 2025 18:37:11 GMT', 'Connection': 'keep-alive', 'Keep-Alive': 'timeout=5'} 
 body={"success":true,"data":{"_id":"68e952577804e92ea239d82b","name":"Test User","email":"test@cinema.com","role":"user","token":"eyJhbGciOiJIUzI1NiIsInR5cCI6IkpXVCJ9.eyJpZCI6IjY4ZTk1MjU3NzgwNGU5MmVhMjM5ZDgyYiIsImlhdCI6MTc2MDEyMTQzMSwiZXhwIjoxNzYwMjA3ODMxfQ.uMIBgKxbfD1T8m03pCWta8Sug1FaGjH3qKJPCTf9rG0"}} 
 </msg>
<msg time="2025-10-10T15:37:11.597846" level="INFO">${resp} = &lt;Response [200]&gt;</msg>
<var>${resp}</var>
<arg>url=${API_BASE_URL}/auth/login</arg>
<arg>json=${payload}</arg>
<arg>expected_status=200</arg>
<doc>Sends a POST request.</doc>
<status status="PASS" start="2025-10-10T15:37:11.544601" elapsed="0.053290"/>
</kw>
<kw name="Set Variable" owner="BuiltIn">
<msg time="2025-10-10T15:37:11.599286" level="INFO">${token} = Bearer eyJhbGciOiJIUzI1NiIsInR5cCI6IkpXVCJ9.eyJpZCI6IjY4ZTk1MjU3NzgwNGU5MmVhMjM5ZDgyYiIsImlhdCI6MTc2MDEyMTQzMSwiZXhwIjoxNzYwMjA3ODMxfQ.uMIBgKxbfD1T8m03pCWta8Sug1FaGjH3qKJPCTf9rG0</msg>
<var>${token}</var>
<arg>Bearer ${resp.json()}[data][token]</arg>
<doc>Returns the given values which can then be assigned to a variables.</doc>
<status status="PASS" start="2025-10-10T15:37:11.598166" elapsed="0.001189"/>
</kw>
<kw name="Set Test Variable" owner="BuiltIn">
<msg time="2025-10-10T15:37:11.600066" level="INFO">${token} = Bearer eyJhbGciOiJIUzI1NiIsInR5cCI6IkpXVCJ9.eyJpZCI6IjY4ZTk1MjU3NzgwNGU5MmVhMjM5ZDgyYiIsImlhdCI6MTc2MDEyMTQzMSwiZXhwIjoxNzYwMjA3ODMxfQ.uMIBgKxbfD1T8m03pCWta8Sug1FaGjH3qKJPCTf9rG0</msg>
<arg>${token}</arg>
<doc>Makes a variable available everywhere within the scope of the current test.</doc>
<status status="PASS" start="2025-10-10T15:37:11.599594" elapsed="0.000552"/>
</kw>
<status status="PASS" start="2025-10-10T15:37:11.540150" elapsed="0.060123"/>
</kw>
<kw name="Create Dictionary" owner="BuiltIn">
<msg time="2025-10-10T15:37:11.601239" level="INFO">${headers} = {'Authorization': 'Bearer eyJhbGciOiJIUzI1NiIsInR5cCI6IkpXVCJ9.eyJpZCI6IjY4ZTk1MjU3NzgwNGU5MmVhMjM5ZDgyYiIsImlhdCI6MTc2MDEyMTQzMSwiZXhwIjoxNzYwMjA3ODMxfQ.uMIBgKxbfD1T8m03pCWta8Sug1FaGjH3qKJPCTf9rG0', ...</msg>
<var>${headers}</var>
<arg>Authorization=${token}</arg>
<arg>Content-Type=application/json</arg>
<doc>Creates and returns a dictionary based on the given ``items``.</doc>
<status status="PASS" start="2025-10-10T15:37:11.600724" elapsed="0.000565"/>
</kw>
<kw name="Set Variable" owner="BuiltIn">
<msg time="2025-10-10T15:37:11.602125" level="INFO">${new_name} = Updated User Name</msg>
<var>${new_name}</var>
<arg>Updated User Name</arg>
<doc>Returns the given values which can then be assigned to a variables.</doc>
<status status="PASS" start="2025-10-10T15:37:11.601712" elapsed="0.000462"/>
</kw>
<kw name="Create Dictionary" owner="BuiltIn">
<msg time="2025-10-10T15:37:11.603020" level="INFO">${body} = {'name': 'Updated User Name'}</msg>
<var>${body}</var>
<arg>name=${new_name}</arg>
<doc>Creates and returns a dictionary based on the given ``items``.</doc>
<status status="PASS" start="2025-10-10T15:37:11.602548" elapsed="0.000517"/>
</kw>
<kw name="PUT" owner="RequestsLibrary">
<msg time="2025-10-10T15:37:11.616126" level="INFO">PUT Request : url=http://localhost:3000/api/v1/auth/profile 
 path_url=/api/v1/auth/profile 
 headers={'User-Agent': 'python-requests/2.32.5', 'Accept-Encoding': 'gzip, deflate', 'Accept': '*/*', 'Connection': 'keep-alive', 'Authorization': 'Bearer eyJhbGciOiJIUzI1NiIsInR5cCI6IkpXVCJ9.eyJpZCI6IjY4ZTk1MjU3NzgwNGU5MmVhMjM5ZDgyYiIsImlhdCI6MTc2MDEyMTQzMSwiZXhwIjoxNzYwMjA3ODMxfQ.uMIBgKxbfD1T8m03pCWta8Sug1FaGjH3qKJPCTf9rG0', 'Content-Type': 'application/json', 'Content-Length': '29'} 
 body=b'{"name": "Updated User Name"}' 
 </msg>
<msg time="2025-10-10T15:37:11.616254" level="INFO">PUT Response : url=http://localhost:3000/api/v1/auth/profile 
 status=200, reason=OK 
 headers={'X-Powered-By': 'Express', 'Access-Control-Allow-Origin': '*', 'Content-Type': 'application/json; charset=utf-8', 'Content-Length': '349', 'ETag': 'W/"15d-Fv9KKNzJN1yKq9Y4yI7JNF7gL+s"', 'Date': 'Fri, 10 Oct 2025 18:37:11 GMT', 'Connection': 'keep-alive', 'Keep-Alive': 'timeout=5'} 
 body={"success":true,"message":"Perfil atualizado com sucesso","data":{"_id":"68e952577804e92ea239d82b","name":"Updated User Name","email":"test@cinema.com","role":"user","token":"eyJhbGciOiJIUzI1NiIsInR5cCI6IkpXVCJ9.eyJpZCI6IjY4ZTk1MjU3NzgwNGU5MmVhMjM5ZDgyYiIsImlhdCI6MTc2MDEyMTQzMSwiZXhwIjoxNzYwMjA3ODMxfQ.uMIBgKxbfD1T8m03pCWta8Sug1FaGjH3qKJPCTf9rG0"}} 
 </msg>
<msg time="2025-10-10T15:37:11.616429" level="INFO">${resp} = &lt;Response [200]&gt;</msg>
<var>${resp}</var>
<arg>url=${API_BASE_URL}/auth/profile</arg>
<arg>headers=${headers}</arg>
<arg>json=${body}</arg>
<arg>expected_status=any</arg>
<doc>Sends a PUT request.</doc>
<status status="PASS" start="2025-10-10T15:37:11.603413" elapsed="0.013060"/>
</kw>
<kw name="Should Be Equal As Numbers" owner="BuiltIn">
<msg time="2025-10-10T15:37:11.617896" level="INFO">Argument types are:
&lt;class 'int'&gt;
&lt;class 'str'&gt;</msg>
<arg>${resp.status_code}</arg>
<arg>200</arg>
<doc>Fails if objects are unequal after converting them to real numbers.</doc>
<status status="PASS" start="2025-10-10T15:37:11.616979" elapsed="0.001012"/>
</kw>
<kw name="Should Be Equal As Strings" owner="BuiltIn">
<msg time="2025-10-10T15:37:11.619211" level="INFO">Argument types are:
&lt;class 'bool'&gt;
&lt;class 'str'&gt;</msg>
<arg>${resp.json()}[success]</arg>
<arg>True</arg>
<doc>Fails if objects are unequal after converting them to strings.</doc>
<status status="PASS" start="2025-10-10T15:37:11.618367" elapsed="0.000931"/>
</kw>
<kw name="Should Be Equal As Strings" owner="BuiltIn">
<arg>${resp.json()}[data][name]</arg>
<arg>${new_name}</arg>
<doc>Fails if objects are unequal after converting them to strings.</doc>
<status status="PASS" start="2025-10-10T15:37:11.620003" elapsed="0.000961"/>
</kw>
<doc>API PUT /auth/profile permite atualizar nome do usuário</doc>
<status status="PASS" start="2025-10-10T15:37:11.504520" elapsed="0.116816"/>
</test>
<test id="s1-s1-s1-s3-t5" name="Test Update Profile Without Token" line="62">
<kw name="Create Dictionary" owner="BuiltIn">
<msg time="2025-10-10T15:37:11.634312" level="INFO">${body} = {'name': 'New Name'}</msg>
<var>${body}</var>
<arg>name=New Name</arg>
<doc>Creates and returns a dictionary based on the given ``items``.</doc>
<status status="PASS" start="2025-10-10T15:37:11.633618" elapsed="0.000862"/>
</kw>
<kw name="PUT" owner="RequestsLibrary">
<msg time="2025-10-10T15:37:11.640195" level="INFO">PUT Request : url=http://localhost:3000/api/v1/auth/profile 
 path_url=/api/v1/auth/profile 
 headers={'User-Agent': 'python-requests/2.32.5', 'Accept-Encoding': 'gzip, deflate', 'Accept': '*/*', 'Connection': 'keep-alive', 'Content-Length': '20', 'Content-Type': 'application/json'} 
 body=b'{"name": "New Name"}' 
 </msg>
<msg time="2025-10-10T15:37:11.640302" level="INFO">PUT Response : url=http://localhost:3000/api/v1/auth/profile 
 status=401, reason=Unauthorized 
 headers={'X-Powered-By': 'Express', 'Access-Control-Allow-Origin': '*', 'Content-Type': 'application/json; charset=utf-8', 'Content-Length': '65', 'ETag': 'W/"41-TJq3LYiwj1On+7IZ17oLU5tM1Zs"', 'Date': 'Fri, 10 Oct 2025 18:37:11 GMT', 'Connection': 'keep-alive', 'Keep-Alive': 'timeout=5'} 
 body={"success":false,"message":"Not authorized to access this route"} 
 </msg>
<msg time="2025-10-10T15:37:11.640471" level="INFO">${resp} = &lt;Response [401]&gt;</msg>
<var>${resp}</var>
<arg>url=${API_BASE_URL}/auth/profile</arg>
<arg>json=${body}</arg>
<arg>expected_status=any</arg>
<doc>Sends a PUT request.</doc>
<status status="PASS" start="2025-10-10T15:37:11.634930" elapsed="0.005585"/>
</kw>
<kw name="Should Be Equal As Numbers" owner="BuiltIn">
<msg time="2025-10-10T15:37:11.642085" level="INFO">Argument types are:
&lt;class 'int'&gt;
&lt;class 'str'&gt;</msg>
<arg>${resp.status_code}</arg>
<arg>401</arg>
<doc>Fails if objects are unequal after converting them to real numbers.</doc>
<status status="PASS" start="2025-10-10T15:37:11.641024" elapsed="0.001170"/>
</kw>
<kw name="Should Be Equal As Strings" owner="BuiltIn">
<msg time="2025-10-10T15:37:11.643620" level="INFO">Argument types are:
&lt;class 'bool'&gt;
&lt;class 'str'&gt;</msg>
<arg>${resp.json()}[success]</arg>
<arg>False</arg>
<doc>Fails if objects are unequal after converting them to strings.</doc>
<status status="PASS" start="2025-10-10T15:37:11.642660" elapsed="0.001056"/>
</kw>
<doc>API retorna erro 401 para usuários não autenticados</doc>
<status status="PASS" start="2025-10-10T15:37:11.629661" elapsed="0.014432"/>
</test>
<test id="s1-s1-s1-s3-t6" name="Test Update Profile With Empty Name" line="70">
<kw name="Get Fixtures" owner="base">
<kw name="Load Json From File" owner="JSONLibrary">
<msg time="2025-10-10T15:37:11.655973" level="INFO">${data} = {'valid_user': {'name': 'Test User', 'email': 'test@cinema.com', 'password': 'Test123'}, 'invalid_user': {'email': 'invalidcinemacom', 'password': 'invalid123'}, 'admin_user': {'name': 'Admin User', '...</msg>
<var>${data}</var>
<arg>${TEST_DATA_DIR}${file_name}.json</arg>
<arg>encoding=utf-8</arg>
<doc>Load JSON from file.</doc>
<status status="PASS" start="2025-10-10T15:37:11.654719" elapsed="0.001313"/>
</kw>
<return>
<value>${data}[${scenario}]</value>
<status status="PASS" start="2025-10-10T15:37:11.656148" elapsed="0.000228"/>
</return>
<msg time="2025-10-10T15:37:11.656633" level="INFO">${user} = {'name': 'Test User', 'email': 'test@cinema.com', 'password': 'Test123'}</msg>
<var>${user}</var>
<arg>users</arg>
<arg>valid_user</arg>
<status status="PASS" start="2025-10-10T15:37:11.653935" elapsed="0.002742"/>
</kw>
<kw name="Reset user from database" owner="auth">
<kw name="Clean user from database" owner="database">
<arg>${user}[email]</arg>
<status status="PASS" start="2025-10-10T15:37:11.657691" elapsed="0.002412"/>
</kw>
<kw name="Insert user into database" owner="database">
<msg time="2025-10-10T15:37:11.683936" level="INFO">{'name': 'Test User', 'email': 'test@cinema.com', 'password': 'Test123'}</msg>
<msg time="2025-10-10T15:37:11.684130" level="INFO">${user_id} = None</msg>
<var>${user_id}</var>
<arg>${user}</arg>
<status status="PASS" start="2025-10-10T15:37:11.660384" elapsed="0.023791"/>
</kw>
<return>
<value>${user_id}</value>
<status status="PASS" start="2025-10-10T15:37:11.684299" elapsed="0.000306"/>
</return>
<arg>${user}</arg>
<status status="PASS" start="2025-10-10T15:37:11.657115" elapsed="0.027691"/>
</kw>
<kw name="POST a user login" owner="auth">
<kw name="Get Fixtures" owner="base">
<kw name="Load Json From File" owner="JSONLibrary">
<msg time="2025-10-10T15:37:11.687730" level="INFO">${data} = {'valid_user': {'name': 'Test User', 'email': 'test@cinema.com', 'password': 'Test123'}, 'invalid_user': {'email': 'invalidcinemacom', 'password': 'invalid123'}, 'admin_user': {'name': 'Admin User', '...</msg>
<var>${data}</var>
<arg>${TEST_DATA_DIR}${file_name}.json</arg>
<arg>encoding=utf-8</arg>
<doc>Load JSON from file.</doc>
<status status="PASS" start="2025-10-10T15:37:11.686629" elapsed="0.001154"/>
</kw>
<return>
<value>${data}[${scenario}]</value>
<status status="PASS" start="2025-10-10T15:37:11.687884" elapsed="0.000211"/>
</return>
<msg time="2025-10-10T15:37:11.688340" level="INFO">${user} = {'name': 'Test User', 'email': 'test@cinema.com', 'password': 'Test123'}</msg>
<var>${user}</var>
<arg>users</arg>
<arg>valid_user</arg>
<status status="PASS" start="2025-10-10T15:37:11.686065" elapsed="0.002318"/>
</kw>
<kw name="Create Dictionary" owner="BuiltIn">
<msg time="2025-10-10T15:37:11.689249" level="INFO">${payload} = {'email': 'test@cinema.com', 'password': 'Test123'}</msg>
<var>${payload}</var>
<arg>email=${user}[email]</arg>
<arg>password=${user}[password]</arg>
<doc>Creates and returns a dictionary based on the given ``items``.</doc>
<status status="PASS" start="2025-10-10T15:37:11.688586" elapsed="0.000731"/>
</kw>
<kw name="POST" owner="RequestsLibrary">
<msg time="2025-10-10T15:37:11.729534" level="INFO">POST Request : url=http://localhost:3000/api/v1/auth/login 
 path_url=/api/v1/auth/login 
 headers={'User-Agent': 'python-requests/2.32.5', 'Accept-Encoding': 'gzip, deflate', 'Accept': '*/*', 'Connection': 'keep-alive', 'Content-Length': '51', 'Content-Type': 'application/json'} 
 body=b'{"email": "test@cinema.com", "password": "Test123"}' 
 </msg>
<msg time="2025-10-10T15:37:11.729660" level="INFO">POST Response : url=http://localhost:3000/api/v1/auth/login 
 status=200, reason=OK 
 headers={'X-Powered-By': 'Express', 'Access-Control-Allow-Origin': '*', 'Content-Type': 'application/json; charset=utf-8', 'Content-Length': '299', 'ETag': 'W/"12b-miJ+o5bLrcT33tR5y4FuTq716Rw"', 'Date': 'Fri, 10 Oct 2025 18:37:11 GMT', 'Connection': 'keep-alive', 'Keep-Alive': 'timeout=5'} 
 body={"success":true,"data":{"_id":"68e952577804e92ea239d82c","name":"Test User","email":"test@cinema.com","role":"user","token":"eyJhbGciOiJIUzI1NiIsInR5cCI6IkpXVCJ9.eyJpZCI6IjY4ZTk1MjU3NzgwNGU5MmVhMjM5ZDgyYyIsImlhdCI6MTc2MDEyMTQzMSwiZXhwIjoxNzYwMjA3ODMxfQ.yx3kp3Mq4xcw1VbiW4Z3VbjHBKYkiZmeQ1DKkGQmPs4"}} 
 </msg>
<msg time="2025-10-10T15:37:11.729842" level="INFO">${resp} = &lt;Response [200]&gt;</msg>
<var>${resp}</var>
<arg>url=${API_BASE_URL}/auth/login</arg>
<arg>json=${payload}</arg>
<arg>expected_status=200</arg>
<doc>Sends a POST request.</doc>
<status status="PASS" start="2025-10-10T15:37:11.689655" elapsed="0.040231"/>
</kw>
<kw name="Set Variable" owner="BuiltIn">
[...]
<arg>visible</arg>
<arg>5</arg>
<tag>PageContent</tag>
<tag>Wait</tag>
<doc>Waits for the element found by ``selector`` to satisfy state option.</doc>
<status status="PASS" start="2025-10-10T15:37:49.896698" elapsed="0.060573"/>
</kw>
<kw name="Get Text" owner="Browser">
<msg time="2025-10-10T15:37:50.089420" level="INFO">Text: 'Sair'</msg>
<arg>${element}</arg>
<arg>equal</arg>
<arg>Sair</arg>
<tag>Assertion</tag>
<tag>Getter</tag>
<tag>PageContent</tag>
<doc>Returns text attribute of the element found by ``selector``.</doc>
<status status="PASS" start="2025-10-10T15:37:49.957677" elapsed="0.131921"/>
</kw>
<arg>${user}[name]</arg>
<status status="PASS" start="2025-10-10T15:37:49.894282" elapsed="0.195599"/>
</kw>
<arg>${user}</arg>
<status status="PASS" start="2025-10-10T15:37:49.320983" elapsed="0.769065"/>
</kw>
<status status="PASS" start="2025-10-10T15:37:48.139081" elapsed="1.951132"/>
</kw>
<kw name="Go To" owner="Browser">
<msg time="2025-10-10T15:37:50.222041" level="INFO">Successfully opened URL http://localhost:3002/movies</msg>
<arg>${BASE_URL}/movies</arg>
<tag>BrowserControl</tag>
<tag>Setter</tag>
<doc>Navigates to the given ``url``.</doc>
<status status="PASS" start="2025-10-10T15:37:50.090863" elapsed="0.131482"/>
</kw>
<kw name="Wait For Elements State" owner="Browser">
<msg time="2025-10-10T15:37:50.343470" level="INFO">Waited for Element with selector css=.movie-card &gt;&gt; nth=0 at state visible</msg>
<arg>css=.movie-card &gt;&gt; nth=0</arg>
<arg>visible</arg>
<tag>PageContent</tag>
<tag>Wait</tag>
<doc>Waits for the element found by ``selector`` to satisfy state option.</doc>
<status status="PASS" start="2025-10-10T15:37:50.222846" elapsed="0.121005"/>
</kw>
<kw name="Click" owner="Browser">
<msg time="2025-10-10T15:37:50.345521" level="INFO">Clicks the element 'css=.movie-card &gt;&gt; nth=0 &gt;&gt; css=a'.</msg>
<arg>css=.movie-card &gt;&gt; nth=0 &gt;&gt; css=a</arg>
<tag>PageContent</tag>
<tag>Setter</tag>
<doc>Simulates mouse click on the element found by ``selector``.</doc>
<status status="PASS" start="2025-10-10T15:37:50.344417" elapsed="0.158695"/>
</kw>
<kw name="Wait For Elements State" owner="Browser">
<msg time="2025-10-10T15:37:50.523687" level="INFO">Waited for Element with selector css=.sessions-container at state visible</msg>
<arg>css=.sessions-container</arg>
<arg>visible</arg>
<tag>PageContent</tag>
<tag>Wait</tag>
<doc>Waits for the element found by ``selector`` to satisfy state option.</doc>
<status status="PASS" start="2025-10-10T15:37:50.503923" elapsed="0.020117"/>
</kw>
<kw name="Click" owner="Browser">
<msg time="2025-10-10T15:37:50.525720" level="INFO">Clicks the element 'css=.session-card &gt;&gt; nth=0 &gt;&gt; css=a'.</msg>
<arg>css=.session-card &gt;&gt; nth=0 &gt;&gt; css=a</arg>
<tag>PageContent</tag>
<tag>Setter</tag>
<doc>Simulates mouse click on the element found by ``selector``.</doc>
<status status="PASS" start="2025-10-10T15:37:50.524622" elapsed="0.245418"/>
</kw>
<kw name="Wait For Elements State" owner="Browser">
<msg time="2025-10-10T15:37:50.844787" level="INFO">Waited for Element with selector css=.seats-container at state visible</msg>
<arg>css=.seats-container</arg>
<arg>visible</arg>
<tag>PageContent</tag>
<tag>Wait</tag>
<doc>Waits for the element found by ``selector`` to satisfy state option.</doc>
<status status="PASS" start="2025-10-10T15:37:50.770676" elapsed="0.074414"/>
</kw>
<kw name="Get Element Count" owner="Browser">
<msg time="2025-10-10T15:37:50.854312" level="INFO">${seat_count} = 96</msg>
<var>${seat_count}</var>
<arg>css=.seat</arg>
<tag>Assertion</tag>
<tag>Getter</tag>
<tag>PageContent</tag>
<doc>Returns the count of elements found with ``selector``.</doc>
<status status="PASS" start="2025-10-10T15:37:50.845629" elapsed="0.008765"/>
</kw>
<kw name="Should Be True" owner="BuiltIn">
<arg>${seat_count} &gt; 0</arg>
<doc>Fails if the given condition is not true.</doc>
<status status="PASS" start="2025-10-10T15:37:50.854917" elapsed="0.000594"/>
</kw>
<kw name="Wait For Elements State" owner="Browser">
<msg time="2025-10-10T15:37:50.866689" level="INFO">Waited for Element with selector css=.seat.available &gt;&gt; nth=0 at state visible</msg>
<arg>css=.seat.available &gt;&gt; nth=0</arg>
<arg>visible</arg>
<tag>PageContent</tag>
<tag>Wait</tag>
<doc>Waits for the element found by ``selector`` to satisfy state option.</doc>
<status status="PASS" start="2025-10-10T15:37:50.856147" elapsed="0.010842"/>
</kw>
<kw name="Close Browser" owner="Browser" type="TEARDOWN">
<msg time="2025-10-10T15:37:51.337666" level="INFO">Closed browser</msg>
<tag>BrowserControl</tag>
<tag>Setter</tag>
<doc>Closes the current browser.</doc>
<status status="PASS" start="2025-10-10T15:37:50.867615" elapsed="0.470348"/>
</kw>
<doc>Verifica exibição da seleção de assentos</doc>
<status status="PASS" start="2025-10-10T15:37:48.136144" elapsed="3.202195"/>
</test>
<test id="s1-s3-s6-t3" name="Should Calculate Total Price" line="58">
<kw name="Setup Browser And Login" type="SETUP">
<kw name="Setup Browser" owner="base">
<kw name="New Browser" owner="Browser">
<msg time="2025-10-10T15:37:51.350043" level="INFO">{"browser": "chromium", "headless": false, "chromiumSandbox": false, "devtools": false, "handleSIGHUP": true, "handleSIGINT": true, "handleSIGTERM": true, "slowMo": 0.0, "timeout": 30000.0, "tracesDir": "D:\\Projects\\IdeaProjects\\ChallegeFinal\\cinema-challenge-qa-robotframework\\logs\\browser\\traces\\temp\\4e1cc2a4-3304-40eb-a2ca-4e51a1fc73ad"}</msg>
<msg time="2025-10-10T15:37:51.818608" level="INFO">Successfully created browser with options: {"browser":"chromium","headless":false,"chromiumSandbox":false,"devtools":false,"handleSIGHUP":true,"handleSIGINT":true,"handleSIGTERM":true,"slowMo":0,"timeout":30000,"tracesDir":"D:\\Projects\\IdeaProjects\\ChallegeFinal\\cinema-challenge-qa-robotframework\\logs\\browser\\traces\\temp\\4e1cc2a4-3304-40eb-a2ca-4e51a1fc73ad"}</msg>
<arg>${BROWSER}</arg>
<arg>headless=${HEADLESS}</arg>
<tag>BrowserControl</tag>
<tag>Setter</tag>
<doc>Create a new playwright Browser with specified options.</doc>
<status status="PASS" start="2025-10-10T15:37:51.348887" elapsed="0.470117"/>
</kw>
<kw name="New Context" owner="Browser">
<msg time="2025-10-10T15:37:51.821668" level="INFO">{
  "acceptDownloads": true,
  "bypassCSP": false,
  "forcedColors": "none",
  "ignoreHTTPSErrors": false,
  "javaScriptEnabled": true,
  "offline": false,
  "reducedMotion": "no-preference",
  "serviceWorkers": "allow",
  "viewport": {
    "height": 1080,
    "width": 1920
  }
}</msg>
<msg time="2025-10-10T15:37:51.836136" level="INFO">Successfully created context. </msg>
<msg time="2025-10-10T15:37:51.836253" level="INFO">{'acceptDownloads': True, 'bypassCSP': False, 'forcedColors': 'none', 'ignoreHTTPSErrors': False, 'javaScriptEnabled': True, 'offline': False, 'reducedMotion': 'no-preference', 'serviceWorkers': 'allow', 'viewport': {'height': 1080, 'width': 1920}}</msg>
<arg>viewport={'width': 1920, 'height': 1080}</arg>
<arg>javaScriptEnabled=${True}</arg>
<tag>BrowserControl</tag>
<tag>Setter</tag>
<doc>Create a new BrowserContext with specified options.</doc>
<status status="PASS" start="2025-10-10T15:37:51.819316" elapsed="0.017046"/>
</kw>
<kw name="New Page" owner="Browser">
<msg time="2025-10-10T15:37:52.520261" level="INFO">Successfully initialized new page object and opened url: http://localhost:3002</msg>
<arg>${BASE_URL}</arg>
<tag>BrowserControl</tag>
<tag>Setter</tag>
<doc>Open a new Page.</doc>
<status status="PASS" start="2025-10-10T15:37:51.836649" elapsed="0.683981"/>
</kw>
<kw name="Set Browser Timeout" owner="Browser">
<arg>${PAGE_TIMEOUT}</arg>
<tag>Config</tag>
<tag>Setter</tag>
<doc>Sets the timeout used by most input and getter keywords.</doc>
<status status="PASS" start="2025-10-10T15:37:52.520966" elapsed="0.001348"/>
</kw>
<doc>Configura o browser para testes web</doc>
<status status="PASS" start="2025-10-10T15:37:51.348397" elapsed="1.174132"/>
</kw>
<kw name="Get Fixtures" owner="base">
<kw name="Load Json From File" owner="JSONLibrary">
<msg time="2025-10-10T15:37:52.525313" level="INFO">${data} = {'valid_user': {'name': 'Test User', 'email': 'test@cinema.com', 'password': 'Test123'}, 'invalid_user': {'email': 'invalidcinemacom', 'password': 'invalid123'}, 'admin_user': {'name': 'Admin User', '...</msg>
<var>${data}</var>
<arg>${TEST_DATA_DIR}${file_name}.json</arg>
<arg>encoding=utf-8</arg>
<doc>Load JSON from file.</doc>
<status status="PASS" start="2025-10-10T15:37:52.523775" elapsed="0.001651"/>
</kw>
<return>
<value>${data}[${scenario}]</value>
<status status="PASS" start="2025-10-10T15:37:52.525616" elapsed="0.000396"/>
</return>
<msg time="2025-10-10T15:37:52.526474" level="INFO">${user} = {'name': 'Test User', 'email': 'test@cinema.com', 'password': 'Test123'}</msg>
<var>${user}</var>
<arg>users</arg>
<arg>valid_user</arg>
<status status="PASS" start="2025-10-10T15:37:52.522898" elapsed="0.003658"/>
</kw>
<kw name="Do Login" owner="base">
<kw name="Go To" owner="Browser">
<msg time="2025-10-10T15:37:52.678067" level="INFO">Successfully opened URL http://localhost:3002/login</msg>
<arg>${BASE_URL}/login</arg>
<tag>BrowserControl</tag>
<tag>Setter</tag>
<doc>Navigates to the given ``url``.</doc>
<status status="PASS" start="2025-10-10T15:37:52.527916" elapsed="0.150447"/>
</kw>
<kw name="Submit login form" owner="LoginPage">
<kw name="Fill Text" owner="Browser">
<msg time="2025-10-10T15:37:52.680247" level="INFO">Fills the text 'test@cinema.com' in the given field.</msg>
<arg>css=input[placeholder="Seu e-mail"]</arg>
<arg>${user}[email]</arg>
<tag>PageContent</tag>
<tag>Setter</tag>
<doc>Clears and fills the given ``txt`` into the text field found by ``selector``.</doc>
<status status="PASS" start="2025-10-10T15:37:52.679404" elapsed="0.167738"/>
</kw>
<kw name="Fill Text" owner="Browser">
<msg time="2025-10-10T15:37:52.848472" level="INFO">Fills the text 'Test123' in the given field.</msg>
<arg>css=input[placeholder="Sua senha"]</arg>
<arg>${user}[password]</arg>
<tag>PageContent</tag>
<tag>Setter</tag>
<doc>Clears and fills the given ``txt`` into the text field found by ``selector``.</doc>
<status status="PASS" start="2025-10-10T15:37:52.847507" elapsed="0.021811"/>
</kw>
<kw name="Click" owner="Browser">
<msg time="2025-10-10T15:37:52.870562" level="INFO">Clicks the element 'css=button &gt;&gt; text=Entrar'.</msg>
<arg>css=button &gt;&gt; text=Entrar</arg>
<tag>PageContent</tag>
<tag>Setter</tag>
<doc>Simulates mouse click on the element found by ``selector``.</doc>
<status status="PASS" start="2025-10-10T15:37:52.869646" elapsed="0.244485"/>
</kw>
<arg>${user}</arg>
<status status="PASS" start="2025-10-10T15:37:52.678715" elapsed="0.435677"/>
</kw>
<kw name="User should be logged In" owner="Header">
<kw name="Split String" owner="String">
<msg time="2025-10-10T15:37:53.115933" level="INFO">@{splited_name} = [ Test | User ]</msg>
<var>@{splited_name}</var>
<arg>${name}</arg>
<doc>Splits the ``string`` using ``separator`` as a delimiter string.</doc>
<status status="PASS" start="2025-10-10T15:37:53.115472" elapsed="0.000515"/>
</kw>
<kw name="Set Variable" owner="BuiltIn">
<msg time="2025-10-10T15:37:53.116624" level="INFO">${element} = css=header button:has-text("Sair")</msg>
<var>${element}</var>
<arg>css=header button:has-text("Sair")</arg>
<doc>Returns the given values which can then be assigned to a variables.</doc>
<status status="PASS" start="2025-10-10T15:37:53.116171" elapsed="0.000499"/>
</kw>
<kw name="Wait For Elements State" owner="Browser">
<msg time="2025-10-10T15:37:53.230684" level="INFO">Waited for Element with selector css=header button:has-text("Sair") at state visible</msg>
<arg>${element}</arg>
<arg>visible</arg>
<arg>5</arg>
<tag>PageContent</tag>
<tag>Wait</tag>
<doc>Waits for the element found by ``selector`` to satisfy state option.</doc>
<status status="PASS" start="2025-10-10T15:37:53.116860" elapsed="0.114195"/>
</kw>
<kw name="Get Text" owner="Browser">
<msg time="2025-10-10T15:37:53.345346" level="INFO">Text: 'Sair'</msg>
<arg>${element}</arg>
<arg>equal</arg>
<arg>Sair</arg>
<tag>Assertion</tag>
<tag>Getter</tag>
<tag>PageContent</tag>
<doc>Returns text attribute of the element found by ``selector``.</doc>
<status status="PASS" start="2025-10-10T15:37:53.231566" elapsed="0.113953"/>
</kw>
<arg>${user}[name]</arg>
<status status="PASS" start="2025-10-10T15:37:53.114733" elapsed="0.230964"/>
</kw>
<arg>${user}</arg>
<status status="PASS" start="2025-10-10T15:37:52.527015" elapsed="0.818782"/>
</kw>
<status status="PASS" start="2025-10-10T15:37:51.347689" elapsed="1.998201"/>
</kw>
<kw name="Go To" owner="Browser">
<msg time="2025-10-10T15:37:53.473151" level="INFO">Successfully opened URL http://localhost:3002/movies</msg>
<arg>${BASE_URL}/movies</arg>
<tag>BrowserControl</tag>
<tag>Setter</tag>
<doc>Navigates to the given ``url``.</doc>
<status status="PASS" start="2025-10-10T15:37:53.346373" elapsed="0.127108"/>
</kw>
<kw name="Wait For Elements State" owner="Browser">
<msg time="2025-10-10T15:37:53.597881" level="INFO">Waited for Element with selector css=.movie-card &gt;&gt; nth=0 at state visible</msg>
<arg>css=.movie-card &gt;&gt; nth=0</arg>
<arg>visible</arg>
<tag>PageContent</tag>
<tag>Wait</tag>
<doc>Waits for the element found by ``selector`` to satisfy state option.</doc>
<status status="PASS" start="2025-10-10T15:37:53.474139" elapsed="0.124065"/>
</kw>
<kw name="Click" owner="Browser">
<msg time="2025-10-10T15:37:53.599663" level="INFO">Clicks the element 'css=.movie-card &gt;&gt; nth=0 &gt;&gt; css=a'.</msg>
<arg>css=.movie-card &gt;&gt; nth=0 &gt;&gt; css=a</arg>
<tag>PageContent</tag>
<tag>Setter</tag>
<doc>Simulates mouse click on the element found by ``selector``.</doc>
<status status="PASS" start="2025-10-10T15:37:53.598701" elapsed="0.154336"/>
</kw>
<kw name="Wait For Elements State" owner="Browser">
<msg time="2025-10-10T15:37:53.772651" level="INFO">Waited for Element with selector css=.sessions-container at state visible</msg>
<arg>css=.sessions-container</arg>
<arg>visible</arg>
<tag>PageContent</tag>
<tag>Wait</tag>
<doc>Waits for the element found by ``selector`` to satisfy state option.</doc>
<status status="PASS" start="2025-10-10T15:37:53.753777" elapsed="0.019372"/>
</kw>
<kw name="Click" owner="Browser">
<msg time="2025-10-10T15:37:53.774972" level="INFO">Clicks the element 'css=.session-card &gt;&gt; nth=0 &gt;&gt; css=a'.</msg>
<arg>css=.session-card &gt;&gt; nth=0 &gt;&gt; css=a</arg>
<tag>PageContent</tag>
<tag>Setter</tag>
<doc>Simulates mouse click on the element found by ``selector``.</doc>
<status status="PASS" start="2025-10-10T15:37:53.773917" elapsed="0.195206"/>
</kw>
<kw name="Wait For Elements State" owner="Browser">
<msg time="2025-10-10T15:37:54.043394" level="INFO">Waited for Element with selector css=.seats-container at state visible</msg>
<arg>css=.seats-container</arg>
<arg>visible</arg>
<tag>PageContent</tag>
<tag>Wait</tag>
<doc>Waits for the element found by ``selector`` to satisfy state option.</doc>
<status status="PASS" start="2025-10-10T15:37:53.969695" elapsed="0.074011"/>
</kw>
<kw name="Click" owner="Browser">
<msg time="2025-10-10T15:37:54.045126" level="INFO">Clicks the element 'css=.seat.available &gt;&gt; nth=0'.</msg>
<arg>css=.seat.available &gt;&gt; nth=0</arg>
<tag>PageContent</tag>
<tag>Setter</tag>
<doc>Simulates mouse click on the element found by ``selector``.</doc>
<status status="PASS" start="2025-10-10T15:37:54.044213" elapsed="0.066048"/>
</kw>
<kw name="Wait For Elements State" owner="Browser">
<msg time="2025-10-10T15:37:54.118681" level="INFO">Waited for Element with selector css=.price at state visible</msg>
<arg>css=.price</arg>
<arg>visible</arg>
<tag>PageContent</tag>
<tag>Wait</tag>
<doc>Waits for the element found by ``selector`` to satisfy state option.</doc>
<status status="PASS" start="2025-10-10T15:37:54.110821" elapsed="0.008112"/>
</kw>
<kw name="Get Text" owner="Browser">
<msg time="2025-10-10T15:37:54.157414" level="INFO">Text: 'R$ 35.00'</msg>
<arg>css=.price</arg>
<arg>contains</arg>
<arg>R$</arg>
<tag>Assertion</tag>
<tag>Getter</tag>
<tag>PageContent</tag>
<doc>Returns text attribute of the element found by ``selector``.</doc>
<status status="PASS" start="2025-10-10T15:37:54.119712" elapsed="0.037871"/>
</kw>
<kw name="Close Browser" owner="Browser" type="TEARDOWN">
<msg time="2025-10-10T15:37:54.635815" level="INFO">Closed browser</msg>
<tag>BrowserControl</tag>
<tag>Setter</tag>
<doc>Closes the current browser.</doc>
<status status="PASS" start="2025-10-10T15:37:54.158273" elapsed="0.477827"/>
</kw>
<doc>Verifica cálculo do preço total</doc>
<status status="PASS" start="2025-10-10T15:37:51.344194" elapsed="3.292230"/>
</test>
<doc>Testes para sistema de reservas</doc>
<status status="PASS" start="2025-10-10T15:37:44.796920" elapsed="9.842924"/>
</suite>
<status status="PASS" start="2025-10-10T15:37:15.967261" elapsed="38.680028"/>
</suite>
<status status="FAIL" start="2025-10-10T15:37:07.724133" elapsed="46.924513"/>
</suite>
<statistics>
<total>
<stat pass="51" fail="9" skip="0">All Tests</stat>
</total>
<tag>
<stat pass="1" fail="0" skip="0">booking</stat>
<stat pass="1" fail="0" skip="0">details</stat>
<stat pass="1" fail="0" skip="0">home</stat>
<stat pass="0" fail="1" skip="0">login_failure</stat>
<stat pass="1" fail="0" skip="0">login_success</stat>
<stat pass="0" fail="2" skip="0">login_validation</stat>
<stat pass="5" fail="0" skip="0">movies</stat>
<stat pass="1" fail="0" skip="0">movie_sessions_simulation</stat>
<stat pass="2" fail="0" skip="0">navigation</stat>
<stat pass="1" fail="0" skip="0">register_failure</stat>
<stat pass="1" fail="0" skip="0">register_success</stat>
<stat pass="2" fail="0" skip="0">register_validation</stat>
<stat pass="1" fail="0" skip="0">responsive</stat>
<stat pass="1" fail="0" skip="0">session_details</stat>
<stat pass="1" fail="0" skip="0">session_error</stat>
<stat pass="1" fail="0" skip="0">sessions</stat>
<stat pass="1" fail="0" skip="0">sessions_list</stat>
</tag>
<suite>
<stat name="Tests" id="s1" pass="51" fail="9" skip="0">Tests</stat>
<stat name="Api" id="s1-s1" pass="28" fail="9" skip="0">Tests.Api</stat>
<stat name="Auth" id="s1-s1-s1" pass="14" fail="8" skip="0">Tests.Api.Auth</stat>
<stat name="Login" id="s1-s1-s1-s1" pass="1" fail="3" skip="0">Tests.Api.Auth.Login</stat>
<stat name="Logout" id="s1-s1-s1-s2" pass="2" fail="0" skip="0">Tests.Api.Auth.Logout</stat>
<stat name="Profile" id="s1-s1-s1-s3" pass="7" fail="5" skip="0">Tests.Api.Auth.Profile</stat>
<stat name="Register" id="s1-s1-s1-s4" pass="4" fail="0" skip="0">Tests.Api.Auth.Register</stat>
<stat name="Movies" id="s1-s1-s2" pass="6" fail="1" skip="0">Tests.Api.Movies</stat>
<stat name="Movies" id="s1-s1-s2-s1" pass="2" fail="1" skip="0">Tests.Api.Movies.Movies</stat>
<stat name="Sessions" id="s1-s1-s2-s2" pass="4" fail="0" skip="0">Tests.Api.Movies.Sessions</stat>
<stat name="Reservations" id="s1-s1-s3" pass="8" fail="0" skip="0">Tests.Api.Reservations</stat>
<stat name="Reservations" id="s1-s1-s3-s1" pass="8" fail="0" skip="0">Tests.Api.Reservations.Reservations</stat>
<stat name="Health" id="s1-s2" pass="2" fail="0" skip="0">Tests.Health</stat>
<stat name="Online" id="s1-s2-s1" pass="2" fail="0" skip="0">Tests.Health.Online</stat>
<stat name="Web" id="s1-s3" pass="21" fail="0" skip="0">Tests.Web</stat>
<stat name="Home" id="s1-s3-s1" pass="3" fail="0" skip="0">Tests.Web.Home</stat>
<stat name="Login" id="s1-s3-s2" pass="5" fail="0" skip="0">Tests.Web.Login</stat>
<stat name="Logout" id="s1-s3-s3" pass="1" fail="0" skip="0">Tests.Web.Logout</stat>
<stat name="Movies" id="s1-s3-s4" pass="6" fail="0" skip="0">Tests.Web.Movies</stat>
<stat name="Register" id="s1-s3-s5" pass="3" fail="0" skip="0">Tests.Web.Register</stat>
<stat name="Reservation" id="s1-s3-s6" pass="3" fail="0" skip="0">Tests.Web.Reservation</stat>
</suite>
</statistics>
<errors>
</errors>
</robot>
